<?xml version="1.0" encoding="UTF-8"?>
<coverage generated="1765202680164" clover="3.2.0">
  <project timestamp="1765202680164" name="All files">
    <metrics statements="33" coveredstatements="33" conditionals="21" coveredconditionals="21" methods="17" coveredmethods="17" elements="71" coveredelements="71" complexity="0" loc="33" ncloc="33" packages="1" files="3" classes="3"/>
    <file name="authUtils.js" path="D:\Projects\kiemthuphanmem\ecomAPI\src\utils\authUtils.js">
      <metrics statements="9" coveredstatements="9" conditionals="4" coveredconditionals="4" methods="4" coveredmethods="4"/>
      <line num="5" count="1" type="stmt"/>
      <line num="7" count="1" type="stmt"/>
      <line num="9" count="3" type="stmt"/>
      <line num="10" count="3" type="stmt"/>
      <line num="14" count="2" type="stmt"/>
      <line num="18" count="7" type="stmt"/>
      <line num="19" count="7" type="stmt"/>
      <line num="23" count="8" type="cond" truecount="4" falsecount="0"/>
      <line num="27" count="1" type="stmt"/>
    </file>
    <file name="orderUtils.js" path="D:\Projects\kiemthuphanmem\ecomAPI\src\utils\orderUtils.js">
      <metrics statements="11" coveredstatements="11" conditionals="9" coveredconditionals="9" methods="5" coveredmethods="5"/>
      <line num="5" count="1" type="stmt"/>
      <line num="7" count="3" type="cond" truecount="5" falsecount="0"/>
      <line num="8" count="2" type="stmt"/>
      <line num="10" count="1" type="stmt"/>
      <line num="14" count="3" type="stmt"/>
      <line num="18" count="4" type="cond" truecount="4" falsecount="0"/>
      <line num="19" count="1" type="stmt"/>
      <line num="21" count="3" type="stmt"/>
      <line num="25" count="7" type="stmt"/>
      <line num="32" count="7" type="stmt"/>
      <line num="36" count="1" type="stmt"/>
    </file>
    <file name="productUtils.js" path="D:\Projects\kiemthuphanmem\ecomAPI\src\utils\productUtils.js">
      <metrics statements="13" coveredstatements="13" conditionals="8" coveredconditionals="8" methods="8" coveredmethods="8"/>
      <line num="5" count="1" type="stmt"/>
      <line num="7" count="4" type="cond" truecount="4" falsecount="0"/>
      <line num="8" count="1" type="stmt"/>
      <line num="10" count="3" type="stmt"/>
      <line num="14" count="4" type="cond" truecount="2" falsecount="0"/>
      <line num="18" count="4" type="stmt"/>
      <line num="22" count="3" type="stmt"/>
      <line num="23" count="3" type="stmt"/>
      <line num="24" count="3" type="stmt"/>
      <line num="34" count="3" type="stmt"/>
      <line num="35" count="3" type="stmt"/>
      <line num="37" count="9" type="cond" truecount="2" falsecount="0"/>
      <line num="43" count="1" type="stmt"/>
    </file>
  </project>
</coverage>
