{"D:\\Projects\\kiemthuphanmem\\ecomAPI\\src\\utils\\authUtils.js": {"path":"D:\\Projects\\kiemthuphanmem\\ecomAPI\\src\\utils\\authUtils.js","statementMap":{"0":{"start":{"line":5,"column":15},"end":{"line":5,"column":34}},"1":{"start":{"line":7,"column":18},"end":{"line":25,"column":1}},"2":{"start":{"line":9,"column":17},"end":{"line":9,"column":41}},"3":{"start":{"line":10,"column":4},"end":{"line":10,"column":39}},"4":{"start":{"line":14,"column":4},"end":{"line":14,"column":57}},"5":{"start":{"line":18,"column":23},"end":{"line":18,"column":51}},"6":{"start":{"line":19,"column":4},"end":{"line":19,"column":34}},"7":{"start":{"line":23,"column":4},"end":{"line":23,"column":59}},"8":{"start":{"line":27,"column":0},"end":{"line":27,"column":27}}},"fnMap":{"0":{"name":"(anonymous_0)","decl":{"start":{"line":8,"column":16},"end":{"line":8,"column":17}},"loc":{"start":{"line":8,"column":36},"end":{"line":11,"column":3}},"line":8},"1":{"name":"(anonymous_1)","decl":{"start":{"line":13,"column":19},"end":{"line":13,"column":20}},"loc":{"start":{"line":13,"column":60},"end":{"line":15,"column":3}},"line":13},"2":{"name":"(anonymous_2)","decl":{"start":{"line":17,"column":17},"end":{"line":17,"column":18}},"loc":{"start":{"line":17,"column":28},"end":{"line":20,"column":3}},"line":17},"3":{"name":"(anonymous_3)","decl":{"start":{"line":22,"column":20},"end":{"line":22,"column":21}},"loc":{"start":{"line":22,"column":34},"end":{"line":24,"column":3}},"line":22}},"branchMap":{"0":{"loc":{"start":{"line":23,"column":11},"end":{"line":23,"column":58}},"type":"cond-expr","locations":[{"start":{"line":23,"column":46},"end":{"line":23,"column":50}},{"start":{"line":23,"column":53},"end":{"line":23,"column":58}}],"line":23},"1":{"loc":{"start":{"line":23,"column":11},"end":{"line":23,"column":43}},"type":"binary-expr","locations":[{"start":{"line":23,"column":11},"end":{"line":23,"column":19}},{"start":{"line":23,"column":23},"end":{"line":23,"column":43}}],"line":23}},"s":{"0":1,"1":1,"2":3,"3":3,"4":2,"5":7,"6":7,"7":8,"8":1},"f":{"0":3,"1":2,"2":7,"3":8},"b":{"0":[3,5],"1":[8,5]},"_coverageSchema":"1a1c01bbd47fc00a2c39e90264f33305004495a9","hash":"a3b8a6e49bdc0ede8a36a0d77a8866e73a667c1c"}
,"D:\\Projects\\kiemthuphanmem\\ecomAPI\\src\\utils\\orderUtils.js": {"path":"D:\\Projects\\kiemthuphanmem\\ecomAPI\\src\\utils\\orderUtils.js","statementMap":{"0":{"start":{"line":5,"column":19},"end":{"line":34,"column":1}},"1":{"start":{"line":7,"column":4},"end":{"line":9,"column":5}},"2":{"start":{"line":8,"column":6},"end":{"line":8,"column":64}},"3":{"start":{"line":10,"column":4},"end":{"line":10,"column":27}},"4":{"start":{"line":14,"column":4},"end":{"line":14,"column":76}},"5":{"start":{"line":14,"column":39},"end":{"line":14,"column":71}},"6":{"start":{"line":18,"column":4},"end":{"line":20,"column":5}},"7":{"start":{"line":19,"column":6},"end":{"line":19,"column":42}},"8":{"start":{"line":21,"column":4},"end":{"line":21,"column":47}},"9":{"start":{"line":25,"column":26},"end":{"line":31,"column":5}},"10":{"start":{"line":32,"column":4},"end":{"line":32,"column":42}},"11":{"start":{"line":36,"column":0},"end":{"line":36,"column":28}}},"fnMap":{"0":{"name":"(anonymous_0)","decl":{"start":{"line":6,"column":21},"end":{"line":6,"column":22}},"loc":{"start":{"line":6,"column":31},"end":{"line":11,"column":3}},"line":6},"1":{"name":"(anonymous_1)","decl":{"start":{"line":13,"column":18},"end":{"line":13,"column":19}},"loc":{"start":{"line":13,"column":29},"end":{"line":15,"column":3}},"line":13},"2":{"name":"(anonymous_2)","decl":{"start":{"line":14,"column":24},"end":{"line":14,"column":25}},"loc":{"start":{"line":14,"column":39},"end":{"line":14,"column":71}},"line":14},"3":{"name":"(anonymous_3)","decl":{"start":{"line":17,"column":17},"end":{"line":17,"column":18}},"loc":{"start":{"line":17,"column":45},"end":{"line":22,"column":3}},"line":17},"4":{"name":"(anonymous_4)","decl":{"start":{"line":24,"column":23},"end":{"line":24,"column":24}},"loc":{"start":{"line":24,"column":35},"end":{"line":33,"column":3}},"line":24}},"branchMap":{"0":{"loc":{"start":{"line":7,"column":4},"end":{"line":9,"column":5}},"type":"if","locations":[{"start":{"line":7,"column":4},"end":{"line":9,"column":5}},{"start":{},"end":{}}],"line":7},"1":{"loc":{"start":{"line":7,"column":8},"end":{"line":7,"column":62}},"type":"binary-expr","locations":[{"start":{"line":7,"column":8},"end":{"line":7,"column":20}},{"start":{"line":7,"column":24},"end":{"line":7,"column":35}},{"start":{"line":7,"column":39},"end":{"line":7,"column":62}}],"line":7},"2":{"loc":{"start":{"line":18,"column":4},"end":{"line":20,"column":5}},"type":"if","locations":[{"start":{"line":18,"column":4},"end":{"line":20,"column":5}},{"start":{},"end":{}}],"line":18},"3":{"loc":{"start":{"line":18,"column":8},"end":{"line":18,"column":52}},"type":"binary-expr","locations":[{"start":{"line":18,"column":8},"end":{"line":18,"column":27}},{"start":{"line":18,"column":31},"end":{"line":18,"column":52}}],"line":18}},"s":{"0":1,"1":3,"2":2,"3":1,"4":3,"5":3,"6":4,"7":1,"8":3,"9":7,"10":7,"11":1},"f":{"0":3,"1":3,"2":3,"3":4,"4":7},"b":{"0":[2,1],"1":[3,2,2],"2":[1,3],"3":[4,4]},"_coverageSchema":"1a1c01bbd47fc00a2c39e90264f33305004495a9","hash":"649c05996f86a28975aa6d803c209ed64efcc420"}
,"D:\\Projects\\kiemthuphanmem\\ecomAPI\\src\\utils\\productUtils.js": {"path":"D:\\Projects\\kiemthuphanmem\\ecomAPI\\src\\utils\\productUtils.js","statementMap":{"0":{"start":{"line":5,"column":21},"end":{"line":41,"column":1}},"1":{"start":{"line":7,"column":4},"end":{"line":9,"column":5}},"2":{"start":{"line":8,"column":6},"end":{"line":8,"column":53}},"3":{"start":{"line":10,"column":4},"end":{"line":10,"column":55}},"4":{"start":{"line":14,"column":4},"end":{"line":14,"column":78}},"5":{"start":{"line":14,"column":34},"end":{"line":14,"column":76}},"6":{"start":{"line":18,"column":4},"end":{"line":18,"column":63}},"7":{"start":{"line":18,"column":34},"end":{"line":18,"column":61}},"8":{"start":{"line":22,"column":18},"end":{"line":22,"column":36}},"9":{"start":{"line":23,"column":16},"end":{"line":23,"column":29}},"10":{"start":{"line":24,"column":4},"end":{"line":30,"column":6}},"11":{"start":{"line":34,"column":25},"end":{"line":34,"column":46}},"12":{"start":{"line":35,"column":4},"end":{"line":39,"column":6}},"13":{"start":{"line":37,"column":8},"end":{"line":38,"column":58}},"14":{"start":{"line":43,"column":0},"end":{"line":43,"column":30}}},"fnMap":{"0":{"name":"(anonymous_0)","decl":{"start":{"line":6,"column":28},"end":{"line":6,"column":29}},"loc":{"start":{"line":6,"column":64},"end":{"line":11,"column":3}},"line":6},"1":{"name":"(anonymous_1)","decl":{"start":{"line":13,"column":17},"end":{"line":13,"column":18}},"loc":{"start":{"line":13,"column":51},"end":{"line":15,"column":3}},"line":13},"2":{"name":"(anonymous_2)","decl":{"start":{"line":14,"column":27},"end":{"line":14,"column":28}},"loc":{"start":{"line":14,"column":34},"end":{"line":14,"column":76}},"line":14},"3":{"name":"(anonymous_3)","decl":{"start":{"line":17,"column":20},"end":{"line":17,"column":21}},"loc":{"start":{"line":17,"column":46},"end":{"line":19,"column":3}},"line":17},"4":{"name":"(anonymous_4)","decl":{"start":{"line":18,"column":27},"end":{"line":18,"column":28}},"loc":{"start":{"line":18,"column":34},"end":{"line":18,"column":61}},"line":18},"5":{"name":"(anonymous_5)","decl":{"start":{"line":21,"column":20},"end":{"line":21,"column":21}},"loc":{"start":{"line":21,"column":47},"end":{"line":31,"column":3}},"line":21},"6":{"name":"(anonymous_6)","decl":{"start":{"line":33,"column":18},"end":{"line":33,"column":19}},"loc":{"start":{"line":33,"column":41},"end":{"line":40,"column":3}},"line":33},"7":{"name":"(anonymous_7)","decl":{"start":{"line":36,"column":6},"end":{"line":36,"column":7}},"loc":{"start":{"line":37,"column":8},"end":{"line":38,"column":58}},"line":37}},"branchMap":{"0":{"loc":{"start":{"line":7,"column":4},"end":{"line":9,"column":5}},"type":"if","locations":[{"start":{"line":7,"column":4},"end":{"line":9,"column":5}},{"start":{},"end":{}}],"line":7},"1":{"loc":{"start":{"line":7,"column":8},"end":{"line":7,"column":52}},"type":"binary-expr","locations":[{"start":{"line":7,"column":8},"end":{"line":7,"column":27}},{"start":{"line":7,"column":31},"end":{"line":7,"column":52}}],"line":7},"2":{"loc":{"start":{"line":14,"column":34},"end":{"line":14,"column":76}},"type":"binary-expr","locations":[{"start":{"line":14,"column":34},"end":{"line":14,"column":53}},{"start":{"line":14,"column":57},"end":{"line":14,"column":76}}],"line":14},"3":{"loc":{"start":{"line":37,"column":8},"end":{"line":38,"column":58}},"type":"binary-expr","locations":[{"start":{"line":37,"column":8},"end":{"line":37,"column":51}},{"start":{"line":38,"column":8},"end":{"line":38,"column":58}}],"line":37}},"s":{"0":1,"1":4,"2":1,"3":3,"4":1,"5":4,"6":1,"7":4,"8":3,"9":3,"10":3,"11":3,"12":3,"13":9,"14":1},"f":{"0":4,"1":1,"2":4,"3":1,"4":4,"5":3,"6":3,"7":9},"b":{"0":[1,3],"1":[4,4],"2":[4,4],"3":[9,7]},"_coverageSchema":"1a1c01bbd47fc00a2c39e90264f33305004495a9","hash":"10939a0f40d9169bcd540386aa9fa48483c9fd2e"}
}
