{"D:\\Projects\\kiemthuphanmem\\ecomAPI\\src\\config\\connectDB.js": {"path":"D:\\Projects\\kiemthuphanmem\\ecomAPI\\src\\config\\connectDB.js","statementMap":{"0":{"start":{"line":1,"column":22},"end":{"line":1,"column":42}},"1":{"start":{"line":4,"column":15},"end":{"line":4,"column":49}},"2":{"start":{"line":5,"column":15},"end":{"line":5,"column":44}},"3":{"start":{"line":6,"column":15},"end":{"line":6,"column":44}},"4":{"start":{"line":7,"column":19},"end":{"line":7,"column":50}},"5":{"start":{"line":8,"column":15},"end":{"line":8,"column":42}},"6":{"start":{"line":10,"column":18},"end":{"line":19,"column":2}},"7":{"start":{"line":22,"column":20},"end":{"line":22,"column":22}},"8":{"start":{"line":23,"column":20},"end":{"line":23,"column":24}},"9":{"start":{"line":25,"column":14},"end":{"line":25,"column":69}},"10":{"start":{"line":25,"column":22},"end":{"line":25,"column":69}},"11":{"start":{"line":25,"column":45},"end":{"line":25,"column":68}},"12":{"start":{"line":27,"column":16},"end":{"line":48,"column":1}},"13":{"start":{"line":28,"column":18},"end":{"line":28,"column":19}},"14":{"start":{"line":30,"column":4},"end":{"line":47,"column":5}},"15":{"start":{"line":31,"column":8},"end":{"line":46,"column":9}},"16":{"start":{"line":32,"column":12},"end":{"line":32,"column":43}},"17":{"start":{"line":33,"column":12},"end":{"line":33,"column":81}},"18":{"start":{"line":34,"column":12},"end":{"line":34,"column":19}},"19":{"start":{"line":36,"column":12},"end":{"line":36,"column":22}},"20":{"start":{"line":37,"column":12},"end":{"line":37,"column":113}},"21":{"start":{"line":39,"column":12},"end":{"line":45,"column":13}},"22":{"start":{"line":40,"column":16},"end":{"line":40,"column":76}},"23":{"start":{"line":41,"column":16},"end":{"line":41,"column":41}},"24":{"start":{"line":43,"column":16},"end":{"line":43,"column":87}},"25":{"start":{"line":44,"column":16},"end":{"line":44,"column":32}},"26":{"start":{"line":50,"column":0},"end":{"line":50,"column":27}}},"fnMap":{"0":{"name":"(anonymous_0)","decl":{"start":{"line":25,"column":14},"end":{"line":25,"column":15}},"loc":{"start":{"line":25,"column":22},"end":{"line":25,"column":69}},"line":25},"1":{"name":"(anonymous_1)","decl":{"start":{"line":25,"column":34},"end":{"line":25,"column":35}},"loc":{"start":{"line":25,"column":45},"end":{"line":25,"column":68}},"line":25},"2":{"name":"(anonymous_2)","decl":{"start":{"line":27,"column":16},"end":{"line":27,"column":17}},"loc":{"start":{"line":27,"column":28},"end":{"line":48,"column":1}},"line":27}},"branchMap":{"0":{"loc":{"start":{"line":4,"column":15},"end":{"line":4,"column":49}},"type":"binary-expr","locations":[{"start":{"line":4,"column":15},"end":{"line":4,"column":34}},{"start":{"line":4,"column":38},"end":{"line":4,"column":49}}],"line":4},"1":{"loc":{"start":{"line":5,"column":15},"end":{"line":5,"column":44}},"type":"binary-expr","locations":[{"start":{"line":5,"column":15},"end":{"line":5,"column":34}},{"start":{"line":5,"column":38},"end":{"line":5,"column":44}}],"line":5},"2":{"loc":{"start":{"line":6,"column":15},"end":{"line":6,"column":44}},"type":"binary-expr","locations":[{"start":{"line":6,"column":15},"end":{"line":6,"column":34}},{"start":{"line":6,"column":38},"end":{"line":6,"column":44}}],"line":6},"3":{"loc":{"start":{"line":7,"column":19},"end":{"line":7,"column":50}},"type":"binary-expr","locations":[{"start":{"line":7,"column":19},"end":{"line":7,"column":42}},{"start":{"line":7,"column":46},"end":{"line":7,"column":50}}],"line":7},"4":{"loc":{"start":{"line":8,"column":15},"end":{"line":8,"column":42}},"type":"binary-expr","locations":[{"start":{"line":8,"column":15},"end":{"line":8,"column":34}},{"start":{"line":8,"column":38},"end":{"line":8,"column":42}}],"line":8},"5":{"loc":{"start":{"line":39,"column":12},"end":{"line":45,"column":13}},"type":"if","locations":[{"start":{"line":39,"column":12},"end":{"line":45,"column":13}},{"start":{"line":42,"column":19},"end":{"line":45,"column":13}}],"line":39}},"s":{"0":0,"1":0,"2":0,"3":0,"4":0,"5":0,"6":0,"7":0,"8":0,"9":0,"10":0,"11":0,"12":0,"13":0,"14":0,"15":0,"16":0,"17":0,"18":0,"19":0,"20":0,"21":0,"22":0,"23":0,"24":0,"25":0,"26":0},"f":{"0":0,"1":0,"2":0},"b":{"0":[0,0],"1":[0,0],"2":[0,0],"3":[0,0],"4":[0,0],"5":[0,0]}}
,"D:\\Projects\\kiemthuphanmem\\ecomAPI\\src\\config\\viewEngine.js": {"path":"D:\\Projects\\kiemthuphanmem\\ecomAPI\\src\\config\\viewEngine.js","statementMap":{"0":{"start":{"line":3,"column":23},"end":{"line":7,"column":1}},"1":{"start":{"line":4,"column":4},"end":{"line":4,"column":43}},"2":{"start":{"line":5,"column":4},"end":{"line":5,"column":34}},"3":{"start":{"line":6,"column":4},"end":{"line":6,"column":35}},"4":{"start":{"line":8,"column":0},"end":{"line":8,"column":34}}},"fnMap":{"0":{"name":"(anonymous_0)","decl":{"start":{"line":3,"column":23},"end":{"line":3,"column":24}},"loc":{"start":{"line":3,"column":32},"end":{"line":7,"column":1}},"line":3}},"branchMap":{},"s":{"0":0,"1":0,"2":0,"3":0,"4":0},"f":{"0":0},"b":{}}
,"D:\\Projects\\kiemthuphanmem\\ecomAPI\\src\\controllers\\addressUserController.js": {"path":"D:\\Projects\\kiemthuphanmem\\ecomAPI\\src\\controllers\\addressUserController.js","statementMap":{"0":{"start":{"line":3,"column":27},"end":{"line":14,"column":1}},"1":{"start":{"line":4,"column":4},"end":{"line":13,"column":5}},"2":{"start":{"line":5,"column":19},"end":{"line":5,"column":74}},"3":{"start":{"line":6,"column":8},"end":{"line":6,"column":42}},"4":{"start":{"line":8,"column":8},"end":{"line":8,"column":26}},"5":{"start":{"line":9,"column":8},"end":{"line":12,"column":10}},"6":{"start":{"line":15,"column":32},"end":{"line":26,"column":1}},"7":{"start":{"line":16,"column":4},"end":{"line":25,"column":5}},"8":{"start":{"line":17,"column":19},"end":{"line":17,"column":87}},"9":{"start":{"line":18,"column":8},"end":{"line":18,"column":42}},"10":{"start":{"line":20,"column":8},"end":{"line":20,"column":26}},"11":{"start":{"line":21,"column":8},"end":{"line":24,"column":10}},"12":{"start":{"line":27,"column":24},"end":{"line":38,"column":1}},"13":{"start":{"line":28,"column":4},"end":{"line":37,"column":5}},"14":{"start":{"line":29,"column":19},"end":{"line":29,"column":71}},"15":{"start":{"line":30,"column":8},"end":{"line":30,"column":42}},"16":{"start":{"line":32,"column":8},"end":{"line":32,"column":26}},"17":{"start":{"line":33,"column":8},"end":{"line":36,"column":10}},"18":{"start":{"line":39,"column":22},"end":{"line":50,"column":1}},"19":{"start":{"line":40,"column":4},"end":{"line":49,"column":5}},"20":{"start":{"line":41,"column":19},"end":{"line":41,"column":69}},"21":{"start":{"line":42,"column":8},"end":{"line":42,"column":42}},"22":{"start":{"line":44,"column":8},"end":{"line":44,"column":26}},"23":{"start":{"line":45,"column":8},"end":{"line":48,"column":10}},"24":{"start":{"line":51,"column":31},"end":{"line":62,"column":1}},"25":{"start":{"line":52,"column":4},"end":{"line":61,"column":5}},"26":{"start":{"line":53,"column":19},"end":{"line":53,"column":82}},"27":{"start":{"line":54,"column":8},"end":{"line":54,"column":42}},"28":{"start":{"line":56,"column":8},"end":{"line":56,"column":26}},"29":{"start":{"line":57,"column":8},"end":{"line":60,"column":10}},"30":{"start":{"line":63,"column":0},"end":{"line":69,"column":1}}},"fnMap":{"0":{"name":"(anonymous_0)","decl":{"start":{"line":3,"column":27},"end":{"line":3,"column":28}},"loc":{"start":{"line":3,"column":47},"end":{"line":14,"column":1}},"line":3},"1":{"name":"(anonymous_1)","decl":{"start":{"line":15,"column":32},"end":{"line":15,"column":33}},"loc":{"start":{"line":15,"column":52},"end":{"line":26,"column":1}},"line":15},"2":{"name":"(anonymous_2)","decl":{"start":{"line":27,"column":24},"end":{"line":27,"column":25}},"loc":{"start":{"line":27,"column":44},"end":{"line":38,"column":1}},"line":27},"3":{"name":"(anonymous_3)","decl":{"start":{"line":39,"column":22},"end":{"line":39,"column":23}},"loc":{"start":{"line":39,"column":42},"end":{"line":50,"column":1}},"line":39},"4":{"name":"(anonymous_4)","decl":{"start":{"line":51,"column":31},"end":{"line":51,"column":32}},"loc":{"start":{"line":51,"column":51},"end":{"line":62,"column":1}},"line":51}},"branchMap":{},"s":{"0":0,"1":0,"2":0,"3":0,"4":0,"5":0,"6":0,"7":0,"8":0,"9":0,"10":0,"11":0,"12":0,"13":0,"14":0,"15":0,"16":0,"17":0,"18":0,"19":0,"20":0,"21":0,"22":0,"23":0,"24":0,"25":0,"26":0,"27":0,"28":0,"29":0,"30":0},"f":{"0":0,"1":0,"2":0,"3":0,"4":0},"b":{}}
,"D:\\Projects\\kiemthuphanmem\\ecomAPI\\src\\controllers\\allcodeController.js": {"path":"D:\\Projects\\kiemthuphanmem\\ecomAPI\\src\\controllers\\allcodeController.js","statementMap":{"0":{"start":{"line":3,"column":29},"end":{"line":14,"column":1}},"1":{"start":{"line":4,"column":4},"end":{"line":13,"column":5}},"2":{"start":{"line":5,"column":19},"end":{"line":5,"column":72}},"3":{"start":{"line":6,"column":8},"end":{"line":6,"column":42}},"4":{"start":{"line":8,"column":8},"end":{"line":8,"column":26}},"5":{"start":{"line":9,"column":8},"end":{"line":12,"column":10}},"6":{"start":{"line":15,"column":24},"end":{"line":26,"column":1}},"7":{"start":{"line":16,"column":4},"end":{"line":25,"column":5}},"8":{"start":{"line":17,"column":19},"end":{"line":17,"column":73}},"9":{"start":{"line":18,"column":8},"end":{"line":18,"column":42}},"10":{"start":{"line":20,"column":8},"end":{"line":20,"column":26}},"11":{"start":{"line":21,"column":8},"end":{"line":24,"column":10}},"12":{"start":{"line":27,"column":25},"end":{"line":38,"column":1}},"13":{"start":{"line":28,"column":4},"end":{"line":37,"column":5}},"14":{"start":{"line":29,"column":19},"end":{"line":29,"column":74}},"15":{"start":{"line":30,"column":8},"end":{"line":30,"column":42}},"16":{"start":{"line":32,"column":8},"end":{"line":32,"column":26}},"17":{"start":{"line":33,"column":8},"end":{"line":36,"column":10}},"18":{"start":{"line":39,"column":26},"end":{"line":50,"column":1}},"19":{"start":{"line":40,"column":4},"end":{"line":49,"column":5}},"20":{"start":{"line":41,"column":19},"end":{"line":41,"column":69}},"21":{"start":{"line":42,"column":8},"end":{"line":42,"column":42}},"22":{"start":{"line":44,"column":8},"end":{"line":44,"column":26}},"23":{"start":{"line":45,"column":8},"end":{"line":48,"column":10}},"24":{"start":{"line":51,"column":27},"end":{"line":62,"column":1}},"25":{"start":{"line":52,"column":4},"end":{"line":61,"column":5}},"26":{"start":{"line":53,"column":19},"end":{"line":53,"column":74}},"27":{"start":{"line":54,"column":8},"end":{"line":54,"column":42}},"28":{"start":{"line":56,"column":8},"end":{"line":56,"column":26}},"29":{"start":{"line":57,"column":8},"end":{"line":60,"column":10}},"30":{"start":{"line":63,"column":26},"end":{"line":74,"column":1}},"31":{"start":{"line":64,"column":4},"end":{"line":73,"column":5}},"32":{"start":{"line":65,"column":19},"end":{"line":65,"column":72}},"33":{"start":{"line":66,"column":8},"end":{"line":66,"column":42}},"34":{"start":{"line":68,"column":8},"end":{"line":68,"column":26}},"35":{"start":{"line":69,"column":8},"end":{"line":72,"column":10}},"36":{"start":{"line":75,"column":28},"end":{"line":86,"column":1}},"37":{"start":{"line":76,"column":4},"end":{"line":85,"column":5}},"38":{"start":{"line":77,"column":19},"end":{"line":77,"column":72}},"39":{"start":{"line":78,"column":8},"end":{"line":78,"column":42}},"40":{"start":{"line":80,"column":8},"end":{"line":80,"column":26}},"41":{"start":{"line":81,"column":8},"end":{"line":84,"column":10}},"42":{"start":{"line":87,"column":0},"end":{"line":95,"column":1}}},"fnMap":{"0":{"name":"(anonymous_0)","decl":{"start":{"line":3,"column":29},"end":{"line":3,"column":30}},"loc":{"start":{"line":3,"column":49},"end":{"line":14,"column":1}},"line":3},"1":{"name":"(anonymous_1)","decl":{"start":{"line":15,"column":24},"end":{"line":15,"column":25}},"loc":{"start":{"line":15,"column":44},"end":{"line":26,"column":1}},"line":15},"2":{"name":"(anonymous_2)","decl":{"start":{"line":27,"column":25},"end":{"line":27,"column":26}},"loc":{"start":{"line":27,"column":45},"end":{"line":38,"column":1}},"line":27},"3":{"name":"(anonymous_3)","decl":{"start":{"line":39,"column":26},"end":{"line":39,"column":27}},"loc":{"start":{"line":39,"column":46},"end":{"line":50,"column":1}},"line":39},"4":{"name":"(anonymous_4)","decl":{"start":{"line":51,"column":27},"end":{"line":51,"column":28}},"loc":{"start":{"line":51,"column":47},"end":{"line":62,"column":1}},"line":51},"5":{"name":"(anonymous_5)","decl":{"start":{"line":63,"column":26},"end":{"line":63,"column":27}},"loc":{"start":{"line":63,"column":46},"end":{"line":74,"column":1}},"line":63},"6":{"name":"(anonymous_6)","decl":{"start":{"line":75,"column":28},"end":{"line":75,"column":29}},"loc":{"start":{"line":75,"column":48},"end":{"line":86,"column":1}},"line":75}},"branchMap":{},"s":{"0":0,"1":0,"2":0,"3":0,"4":0,"5":0,"6":0,"7":0,"8":0,"9":0,"10":0,"11":0,"12":0,"13":0,"14":0,"15":0,"16":0,"17":0,"18":0,"19":0,"20":0,"21":0,"22":0,"23":0,"24":0,"25":0,"26":0,"27":0,"28":0,"29":0,"30":0,"31":0,"32":0,"33":0,"34":0,"35":0,"36":0,"37":0,"38":0,"39":0,"40":0,"41":0,"42":0},"f":{"0":0,"1":0,"2":0,"3":0,"4":0,"5":0,"6":0},"b":{}}
,"D:\\Projects\\kiemthuphanmem\\ecomAPI\\src\\controllers\\bannerController.js": {"path":"D:\\Projects\\kiemthuphanmem\\ecomAPI\\src\\controllers\\bannerController.js","statementMap":{"0":{"start":{"line":3,"column":22},"end":{"line":14,"column":1}},"1":{"start":{"line":4,"column":4},"end":{"line":13,"column":5}},"2":{"start":{"line":5,"column":19},"end":{"line":5,"column":64}},"3":{"start":{"line":6,"column":8},"end":{"line":6,"column":42}},"4":{"start":{"line":8,"column":8},"end":{"line":8,"column":26}},"5":{"start":{"line":9,"column":8},"end":{"line":12,"column":10}},"6":{"start":{"line":15,"column":22},"end":{"line":26,"column":1}},"7":{"start":{"line":16,"column":4},"end":{"line":25,"column":5}},"8":{"start":{"line":17,"column":19},"end":{"line":17,"column":68}},"9":{"start":{"line":18,"column":8},"end":{"line":18,"column":42}},"10":{"start":{"line":20,"column":8},"end":{"line":20,"column":26}},"11":{"start":{"line":21,"column":8},"end":{"line":24,"column":10}},"12":{"start":{"line":27,"column":19},"end":{"line":38,"column":1}},"13":{"start":{"line":28,"column":4},"end":{"line":37,"column":5}},"14":{"start":{"line":29,"column":19},"end":{"line":29,"column":62}},"15":{"start":{"line":30,"column":8},"end":{"line":30,"column":42}},"16":{"start":{"line":32,"column":8},"end":{"line":32,"column":26}},"17":{"start":{"line":33,"column":8},"end":{"line":36,"column":10}},"18":{"start":{"line":39,"column":19},"end":{"line":50,"column":1}},"19":{"start":{"line":40,"column":4},"end":{"line":49,"column":5}},"20":{"start":{"line":41,"column":19},"end":{"line":41,"column":61}},"21":{"start":{"line":42,"column":8},"end":{"line":42,"column":42}},"22":{"start":{"line":44,"column":8},"end":{"line":44,"column":26}},"23":{"start":{"line":45,"column":8},"end":{"line":48,"column":10}},"24":{"start":{"line":51,"column":19},"end":{"line":62,"column":1}},"25":{"start":{"line":52,"column":4},"end":{"line":61,"column":5}},"26":{"start":{"line":53,"column":19},"end":{"line":53,"column":61}},"27":{"start":{"line":54,"column":8},"end":{"line":54,"column":42}},"28":{"start":{"line":56,"column":8},"end":{"line":56,"column":26}},"29":{"start":{"line":57,"column":8},"end":{"line":60,"column":10}},"30":{"start":{"line":63,"column":0},"end":{"line":69,"column":1}}},"fnMap":{"0":{"name":"(anonymous_0)","decl":{"start":{"line":3,"column":22},"end":{"line":3,"column":23}},"loc":{"start":{"line":3,"column":42},"end":{"line":14,"column":1}},"line":3},"1":{"name":"(anonymous_1)","decl":{"start":{"line":15,"column":22},"end":{"line":15,"column":23}},"loc":{"start":{"line":15,"column":42},"end":{"line":26,"column":1}},"line":15},"2":{"name":"(anonymous_2)","decl":{"start":{"line":27,"column":19},"end":{"line":27,"column":20}},"loc":{"start":{"line":27,"column":39},"end":{"line":38,"column":1}},"line":27},"3":{"name":"(anonymous_3)","decl":{"start":{"line":39,"column":19},"end":{"line":39,"column":20}},"loc":{"start":{"line":39,"column":39},"end":{"line":50,"column":1}},"line":39},"4":{"name":"(anonymous_4)","decl":{"start":{"line":51,"column":19},"end":{"line":51,"column":20}},"loc":{"start":{"line":51,"column":39},"end":{"line":62,"column":1}},"line":51}},"branchMap":{},"s":{"0":0,"1":0,"2":0,"3":0,"4":0,"5":0,"6":0,"7":0,"8":0,"9":0,"10":0,"11":0,"12":0,"13":0,"14":0,"15":0,"16":0,"17":0,"18":0,"19":0,"20":0,"21":0,"22":0,"23":0,"24":0,"25":0,"26":0,"27":0,"28":0,"29":0,"30":0},"f":{"0":0,"1":0,"2":0,"3":0,"4":0},"b":{}}
,"D:\\Projects\\kiemthuphanmem\\ecomAPI\\src\\controllers\\blogController.js": {"path":"D:\\Projects\\kiemthuphanmem\\ecomAPI\\src\\controllers\\blogController.js","statementMap":{"0":{"start":{"line":3,"column":20},"end":{"line":14,"column":1}},"1":{"start":{"line":4,"column":4},"end":{"line":13,"column":5}},"2":{"start":{"line":5,"column":19},"end":{"line":5,"column":60}},"3":{"start":{"line":6,"column":8},"end":{"line":6,"column":42}},"4":{"start":{"line":8,"column":8},"end":{"line":8,"column":26}},"5":{"start":{"line":9,"column":8},"end":{"line":12,"column":10}},"6":{"start":{"line":15,"column":24},"end":{"line":26,"column":1}},"7":{"start":{"line":16,"column":4},"end":{"line":25,"column":5}},"8":{"start":{"line":17,"column":19},"end":{"line":17,"column":68}},"9":{"start":{"line":18,"column":8},"end":{"line":18,"column":42}},"10":{"start":{"line":20,"column":8},"end":{"line":20,"column":26}},"11":{"start":{"line":21,"column":8},"end":{"line":24,"column":10}},"12":{"start":{"line":27,"column":17},"end":{"line":38,"column":1}},"13":{"start":{"line":28,"column":4},"end":{"line":37,"column":5}},"14":{"start":{"line":29,"column":19},"end":{"line":29,"column":58}},"15":{"start":{"line":30,"column":8},"end":{"line":30,"column":42}},"16":{"start":{"line":32,"column":8},"end":{"line":32,"column":26}},"17":{"start":{"line":33,"column":8},"end":{"line":36,"column":10}},"18":{"start":{"line":39,"column":17},"end":{"line":50,"column":1}},"19":{"start":{"line":40,"column":4},"end":{"line":49,"column":5}},"20":{"start":{"line":41,"column":19},"end":{"line":41,"column":57}},"21":{"start":{"line":42,"column":8},"end":{"line":42,"column":42}},"22":{"start":{"line":44,"column":8},"end":{"line":44,"column":26}},"23":{"start":{"line":45,"column":8},"end":{"line":48,"column":10}},"24":{"start":{"line":51,"column":17},"end":{"line":62,"column":1}},"25":{"start":{"line":52,"column":4},"end":{"line":61,"column":5}},"26":{"start":{"line":53,"column":19},"end":{"line":53,"column":57}},"27":{"start":{"line":54,"column":8},"end":{"line":54,"column":42}},"28":{"start":{"line":56,"column":8},"end":{"line":56,"column":26}},"29":{"start":{"line":57,"column":8},"end":{"line":60,"column":10}},"30":{"start":{"line":63,"column":21},"end":{"line":74,"column":1}},"31":{"start":{"line":64,"column":4},"end":{"line":73,"column":5}},"32":{"start":{"line":65,"column":19},"end":{"line":65,"column":62}},"33":{"start":{"line":66,"column":8},"end":{"line":66,"column":42}},"34":{"start":{"line":68,"column":8},"end":{"line":68,"column":26}},"35":{"start":{"line":69,"column":8},"end":{"line":72,"column":10}},"36":{"start":{"line":75,"column":17},"end":{"line":86,"column":1}},"37":{"start":{"line":76,"column":4},"end":{"line":85,"column":5}},"38":{"start":{"line":77,"column":19},"end":{"line":77,"column":58}},"39":{"start":{"line":78,"column":8},"end":{"line":78,"column":42}},"40":{"start":{"line":80,"column":8},"end":{"line":80,"column":26}},"41":{"start":{"line":81,"column":8},"end":{"line":84,"column":10}},"42":{"start":{"line":87,"column":0},"end":{"line":95,"column":1}}},"fnMap":{"0":{"name":"(anonymous_0)","decl":{"start":{"line":3,"column":20},"end":{"line":3,"column":21}},"loc":{"start":{"line":3,"column":40},"end":{"line":14,"column":1}},"line":3},"1":{"name":"(anonymous_1)","decl":{"start":{"line":15,"column":24},"end":{"line":15,"column":25}},"loc":{"start":{"line":15,"column":44},"end":{"line":26,"column":1}},"line":15},"2":{"name":"(anonymous_2)","decl":{"start":{"line":27,"column":17},"end":{"line":27,"column":18}},"loc":{"start":{"line":27,"column":37},"end":{"line":38,"column":1}},"line":27},"3":{"name":"(anonymous_3)","decl":{"start":{"line":39,"column":17},"end":{"line":39,"column":18}},"loc":{"start":{"line":39,"column":37},"end":{"line":50,"column":1}},"line":39},"4":{"name":"(anonymous_4)","decl":{"start":{"line":51,"column":17},"end":{"line":51,"column":18}},"loc":{"start":{"line":51,"column":37},"end":{"line":62,"column":1}},"line":51},"5":{"name":"(anonymous_5)","decl":{"start":{"line":63,"column":21},"end":{"line":63,"column":22}},"loc":{"start":{"line":63,"column":41},"end":{"line":74,"column":1}},"line":63},"6":{"name":"(anonymous_6)","decl":{"start":{"line":75,"column":17},"end":{"line":75,"column":18}},"loc":{"start":{"line":75,"column":37},"end":{"line":86,"column":1}},"line":75}},"branchMap":{},"s":{"0":0,"1":0,"2":0,"3":0,"4":0,"5":0,"6":0,"7":0,"8":0,"9":0,"10":0,"11":0,"12":0,"13":0,"14":0,"15":0,"16":0,"17":0,"18":0,"19":0,"20":0,"21":0,"22":0,"23":0,"24":0,"25":0,"26":0,"27":0,"28":0,"29":0,"30":0,"31":0,"32":0,"33":0,"34":0,"35":0,"36":0,"37":0,"38":0,"39":0,"40":0,"41":0,"42":0},"f":{"0":0,"1":0,"2":0,"3":0,"4":0,"5":0,"6":0},"b":{}}
,"D:\\Projects\\kiemthuphanmem\\ecomAPI\\src\\controllers\\commentController.js": {"path":"D:\\Projects\\kiemthuphanmem\\ecomAPI\\src\\controllers\\commentController.js","statementMap":{"0":{"start":{"line":3,"column":27},"end":{"line":14,"column":1}},"1":{"start":{"line":4,"column":4},"end":{"line":13,"column":5}},"2":{"start":{"line":5,"column":19},"end":{"line":5,"column":70}},"3":{"start":{"line":6,"column":8},"end":{"line":6,"column":42}},"4":{"start":{"line":8,"column":8},"end":{"line":8,"column":26}},"5":{"start":{"line":9,"column":8},"end":{"line":12,"column":10}},"6":{"start":{"line":16,"column":28},"end":{"line":27,"column":1}},"7":{"start":{"line":17,"column":4},"end":{"line":26,"column":5}},"8":{"start":{"line":18,"column":19},"end":{"line":18,"column":75}},"9":{"start":{"line":19,"column":8},"end":{"line":19,"column":42}},"10":{"start":{"line":21,"column":8},"end":{"line":21,"column":26}},"11":{"start":{"line":22,"column":8},"end":{"line":25,"column":10}},"12":{"start":{"line":29,"column":22},"end":{"line":40,"column":1}},"13":{"start":{"line":30,"column":4},"end":{"line":39,"column":5}},"14":{"start":{"line":31,"column":19},"end":{"line":31,"column":65}},"15":{"start":{"line":32,"column":8},"end":{"line":32,"column":42}},"16":{"start":{"line":34,"column":8},"end":{"line":34,"column":26}},"17":{"start":{"line":35,"column":8},"end":{"line":38,"column":10}},"18":{"start":{"line":41,"column":30},"end":{"line":53,"column":1}},"19":{"start":{"line":42,"column":4},"end":{"line":52,"column":5}},"20":{"start":{"line":44,"column":19},"end":{"line":44,"column":77}},"21":{"start":{"line":45,"column":8},"end":{"line":45,"column":42}},"22":{"start":{"line":47,"column":8},"end":{"line":47,"column":26}},"23":{"start":{"line":48,"column":8},"end":{"line":51,"column":10}},"24":{"start":{"line":54,"column":18},"end":{"line":66,"column":1}},"25":{"start":{"line":55,"column":4},"end":{"line":65,"column":5}},"26":{"start":{"line":57,"column":19},"end":{"line":57,"column":61}},"27":{"start":{"line":58,"column":8},"end":{"line":58,"column":42}},"28":{"start":{"line":60,"column":8},"end":{"line":60,"column":26}},"29":{"start":{"line":61,"column":8},"end":{"line":64,"column":10}},"30":{"start":{"line":67,"column":19},"end":{"line":79,"column":1}},"31":{"start":{"line":68,"column":4},"end":{"line":78,"column":5}},"32":{"start":{"line":70,"column":19},"end":{"line":70,"column":62}},"33":{"start":{"line":71,"column":8},"end":{"line":71,"column":42}},"34":{"start":{"line":73,"column":8},"end":{"line":73,"column":26}},"35":{"start":{"line":74,"column":8},"end":{"line":77,"column":10}},"36":{"start":{"line":81,"column":0},"end":{"line":88,"column":1}}},"fnMap":{"0":{"name":"(anonymous_0)","decl":{"start":{"line":3,"column":27},"end":{"line":3,"column":28}},"loc":{"start":{"line":3,"column":47},"end":{"line":14,"column":1}},"line":3},"1":{"name":"(anonymous_1)","decl":{"start":{"line":16,"column":28},"end":{"line":16,"column":29}},"loc":{"start":{"line":16,"column":48},"end":{"line":27,"column":1}},"line":16},"2":{"name":"(anonymous_2)","decl":{"start":{"line":29,"column":22},"end":{"line":29,"column":23}},"loc":{"start":{"line":29,"column":42},"end":{"line":40,"column":1}},"line":29},"3":{"name":"(anonymous_3)","decl":{"start":{"line":41,"column":30},"end":{"line":41,"column":31}},"loc":{"start":{"line":41,"column":50},"end":{"line":53,"column":1}},"line":41},"4":{"name":"(anonymous_4)","decl":{"start":{"line":54,"column":18},"end":{"line":54,"column":19}},"loc":{"start":{"line":54,"column":38},"end":{"line":66,"column":1}},"line":54},"5":{"name":"(anonymous_5)","decl":{"start":{"line":67,"column":19},"end":{"line":67,"column":20}},"loc":{"start":{"line":67,"column":39},"end":{"line":79,"column":1}},"line":67}},"branchMap":{},"s":{"0":0,"1":0,"2":0,"3":0,"4":0,"5":0,"6":0,"7":0,"8":0,"9":0,"10":0,"11":0,"12":0,"13":0,"14":0,"15":0,"16":0,"17":0,"18":0,"19":0,"20":0,"21":0,"22":0,"23":0,"24":0,"25":0,"26":0,"27":0,"28":0,"29":0,"30":0,"31":0,"32":0,"33":0,"34":0,"35":0,"36":0},"f":{"0":0,"1":0,"2":0,"3":0,"4":0,"5":0},"b":{}}
,"D:\\Projects\\kiemthuphanmem\\ecomAPI\\src\\controllers\\externalController.js": {"path":"D:\\Projects\\kiemthuphanmem\\ecomAPI\\src\\controllers\\externalController.js","statementMap":{"0":{"start":{"line":3,"column":22},"end":{"line":20,"column":1}},"1":{"start":{"line":4,"column":4},"end":{"line":19,"column":5}},"2":{"start":{"line":5,"column":20},"end":{"line":5,"column":83}},"3":{"start":{"line":6,"column":21},"end":{"line":6,"column":57}},"4":{"start":{"line":7,"column":21},"end":{"line":7,"column":38}},"5":{"start":{"line":8,"column":19},"end":{"line":8,"column":23}},"6":{"start":{"line":9,"column":8},"end":{"line":14,"column":9}},"7":{"start":{"line":10,"column":12},"end":{"line":10,"column":36}},"8":{"start":{"line":13,"column":12},"end":{"line":13,"column":33}},"9":{"start":{"line":15,"column":8},"end":{"line":15,"column":64}},"10":{"start":{"line":17,"column":8},"end":{"line":17,"column":73}},"11":{"start":{"line":18,"column":8},"end":{"line":18,"column":98}},"12":{"start":{"line":22,"column":0},"end":{"line":24,"column":2}}},"fnMap":{"0":{"name":"(anonymous_0)","decl":{"start":{"line":3,"column":22},"end":{"line":3,"column":23}},"loc":{"start":{"line":3,"column":42},"end":{"line":20,"column":1}},"line":3}},"branchMap":{},"s":{"0":0,"1":0,"2":0,"3":0,"4":0,"5":0,"6":0,"7":0,"8":0,"9":0,"10":0,"11":0,"12":0},"f":{"0":0},"b":{}}
,"D:\\Projects\\kiemthuphanmem\\ecomAPI\\src\\controllers\\messageController.js": {"path":"D:\\Projects\\kiemthuphanmem\\ecomAPI\\src\\controllers\\messageController.js","statementMap":{"0":{"start":{"line":3,"column":20},"end":{"line":14,"column":1}},"1":{"start":{"line":4,"column":4},"end":{"line":13,"column":5}},"2":{"start":{"line":5,"column":19},"end":{"line":5,"column":63}},"3":{"start":{"line":6,"column":8},"end":{"line":6,"column":42}},"4":{"start":{"line":8,"column":8},"end":{"line":8,"column":26}},"5":{"start":{"line":9,"column":8},"end":{"line":12,"column":10}},"6":{"start":{"line":15,"column":18},"end":{"line":26,"column":1}},"7":{"start":{"line":16,"column":4},"end":{"line":25,"column":5}},"8":{"start":{"line":17,"column":19},"end":{"line":17,"column":61}},"9":{"start":{"line":18,"column":8},"end":{"line":18,"column":42}},"10":{"start":{"line":20,"column":8},"end":{"line":20,"column":26}},"11":{"start":{"line":21,"column":8},"end":{"line":24,"column":10}},"12":{"start":{"line":27,"column":18},"end":{"line":38,"column":1}},"13":{"start":{"line":28,"column":4},"end":{"line":37,"column":5}},"14":{"start":{"line":29,"column":19},"end":{"line":29,"column":62}},"15":{"start":{"line":30,"column":8},"end":{"line":30,"column":42}},"16":{"start":{"line":32,"column":8},"end":{"line":32,"column":26}},"17":{"start":{"line":33,"column":8},"end":{"line":36,"column":10}},"18":{"start":{"line":39,"column":21},"end":{"line":50,"column":1}},"19":{"start":{"line":40,"column":4},"end":{"line":49,"column":5}},"20":{"start":{"line":41,"column":19},"end":{"line":41,"column":72}},"21":{"start":{"line":42,"column":8},"end":{"line":42,"column":42}},"22":{"start":{"line":44,"column":8},"end":{"line":44,"column":26}},"23":{"start":{"line":45,"column":8},"end":{"line":48,"column":10}},"24":{"start":{"line":51,"column":22},"end":{"line":62,"column":1}},"25":{"start":{"line":52,"column":4},"end":{"line":61,"column":5}},"26":{"start":{"line":53,"column":19},"end":{"line":53,"column":57}},"27":{"start":{"line":54,"column":8},"end":{"line":54,"column":42}},"28":{"start":{"line":56,"column":8},"end":{"line":56,"column":26}},"29":{"start":{"line":57,"column":8},"end":{"line":60,"column":10}},"30":{"start":{"line":63,"column":0},"end":{"line":70,"column":1}}},"fnMap":{"0":{"name":"(anonymous_0)","decl":{"start":{"line":3,"column":20},"end":{"line":3,"column":21}},"loc":{"start":{"line":3,"column":40},"end":{"line":14,"column":1}},"line":3},"1":{"name":"(anonymous_1)","decl":{"start":{"line":15,"column":18},"end":{"line":15,"column":19}},"loc":{"start":{"line":15,"column":38},"end":{"line":26,"column":1}},"line":15},"2":{"name":"(anonymous_2)","decl":{"start":{"line":27,"column":18},"end":{"line":27,"column":19}},"loc":{"start":{"line":27,"column":38},"end":{"line":38,"column":1}},"line":27},"3":{"name":"(anonymous_3)","decl":{"start":{"line":39,"column":21},"end":{"line":39,"column":22}},"loc":{"start":{"line":39,"column":41},"end":{"line":50,"column":1}},"line":39},"4":{"name":"(anonymous_4)","decl":{"start":{"line":51,"column":22},"end":{"line":51,"column":23}},"loc":{"start":{"line":51,"column":42},"end":{"line":62,"column":1}},"line":51}},"branchMap":{},"s":{"0":0,"1":0,"2":0,"3":0,"4":0,"5":0,"6":0,"7":0,"8":0,"9":0,"10":0,"11":0,"12":0,"13":0,"14":0,"15":0,"16":0,"17":0,"18":0,"19":0,"20":0,"21":0,"22":0,"23":0,"24":0,"25":0,"26":0,"27":0,"28":0,"29":0,"30":0},"f":{"0":0,"1":0,"2":0,"3":0,"4":0},"b":{}}
,"D:\\Projects\\kiemthuphanmem\\ecomAPI\\src\\controllers\\orderController.js": {"path":"D:\\Projects\\kiemthuphanmem\\ecomAPI\\src\\controllers\\orderController.js","statementMap":{"0":{"start":{"line":3,"column":21},"end":{"line":18,"column":1}},"1":{"start":{"line":4,"column":2},"end":{"line":17,"column":3}},"2":{"start":{"line":6,"column":15},"end":{"line":9,"column":6}},"3":{"start":{"line":10,"column":4},"end":{"line":10,"column":38}},"4":{"start":{"line":12,"column":4},"end":{"line":12,"column":23}},"5":{"start":{"line":13,"column":4},"end":{"line":16,"column":7}},"6":{"start":{"line":19,"column":19},"end":{"line":30,"column":1}},"7":{"start":{"line":20,"column":2},"end":{"line":29,"column":3}},"8":{"start":{"line":21,"column":15},"end":{"line":21,"column":57}},"9":{"start":{"line":22,"column":4},"end":{"line":22,"column":38}},"10":{"start":{"line":24,"column":4},"end":{"line":24,"column":23}},"11":{"start":{"line":25,"column":4},"end":{"line":28,"column":7}},"12":{"start":{"line":31,"column":25},"end":{"line":42,"column":1}},"13":{"start":{"line":32,"column":2},"end":{"line":41,"column":3}},"14":{"start":{"line":33,"column":15},"end":{"line":33,"column":66}},"15":{"start":{"line":34,"column":4},"end":{"line":34,"column":38}},"16":{"start":{"line":36,"column":4},"end":{"line":36,"column":23}},"17":{"start":{"line":37,"column":4},"end":{"line":40,"column":7}},"18":{"start":{"line":43,"column":24},"end":{"line":54,"column":1}},"19":{"start":{"line":44,"column":2},"end":{"line":53,"column":3}},"20":{"start":{"line":45,"column":15},"end":{"line":45,"column":61}},"21":{"start":{"line":46,"column":4},"end":{"line":46,"column":38}},"22":{"start":{"line":48,"column":4},"end":{"line":48,"column":23}},"23":{"start":{"line":49,"column":4},"end":{"line":52,"column":7}},"24":{"start":{"line":55,"column":25},"end":{"line":66,"column":1}},"25":{"start":{"line":56,"column":2},"end":{"line":65,"column":3}},"26":{"start":{"line":57,"column":15},"end":{"line":57,"column":70}},"27":{"start":{"line":58,"column":4},"end":{"line":58,"column":38}},"28":{"start":{"line":60,"column":4},"end":{"line":60,"column":23}},"29":{"start":{"line":61,"column":4},"end":{"line":64,"column":7}},"30":{"start":{"line":67,"column":19},"end":{"line":82,"column":1}},"31":{"start":{"line":68,"column":2},"end":{"line":81,"column":3}},"32":{"start":{"line":70,"column":15},"end":{"line":73,"column":6}},"33":{"start":{"line":74,"column":4},"end":{"line":74,"column":38}},"34":{"start":{"line":76,"column":4},"end":{"line":76,"column":23}},"35":{"start":{"line":77,"column":4},"end":{"line":80,"column":7}},"36":{"start":{"line":83,"column":26},"end":{"line":98,"column":1}},"37":{"start":{"line":84,"column":2},"end":{"line":97,"column":3}},"38":{"start":{"line":86,"column":15},"end":{"line":89,"column":6}},"39":{"start":{"line":90,"column":4},"end":{"line":90,"column":38}},"40":{"start":{"line":92,"column":4},"end":{"line":92,"column":23}},"41":{"start":{"line":93,"column":4},"end":{"line":96,"column":7}},"42":{"start":{"line":99,"column":31},"end":{"line":114,"column":1}},"43":{"start":{"line":100,"column":2},"end":{"line":113,"column":3}},"44":{"start":{"line":102,"column":15},"end":{"line":105,"column":6}},"45":{"start":{"line":106,"column":4},"end":{"line":106,"column":38}},"46":{"start":{"line":108,"column":4},"end":{"line":108,"column":23}},"47":{"start":{"line":109,"column":4},"end":{"line":112,"column":7}},"48":{"start":{"line":115,"column":19},"end":{"line":126,"column":1}},"49":{"start":{"line":116,"column":2},"end":{"line":125,"column":3}},"50":{"start":{"line":117,"column":15},"end":{"line":117,"column":56}},"51":{"start":{"line":118,"column":4},"end":{"line":118,"column":38}},"52":{"start":{"line":120,"column":4},"end":{"line":120,"column":23}},"53":{"start":{"line":121,"column":4},"end":{"line":124,"column":7}},"54":{"start":{"line":129,"column":24},"end":{"line":140,"column":1}},"55":{"start":{"line":130,"column":2},"end":{"line":139,"column":3}},"56":{"start":{"line":131,"column":15},"end":{"line":131,"column":56}},"57":{"start":{"line":132,"column":4},"end":{"line":132,"column":38}},"58":{"start":{"line":134,"column":4},"end":{"line":134,"column":23}},"59":{"start":{"line":135,"column":4},"end":{"line":138,"column":7}},"60":{"start":{"line":141,"column":24},"end":{"line":152,"column":1}},"61":{"start":{"line":142,"column":2},"end":{"line":151,"column":3}},"62":{"start":{"line":143,"column":15},"end":{"line":143,"column":61}},"63":{"start":{"line":144,"column":4},"end":{"line":144,"column":38}},"64":{"start":{"line":146,"column":4},"end":{"line":146,"column":23}},"65":{"start":{"line":147,"column":4},"end":{"line":150,"column":7}},"66":{"start":{"line":153,"column":23},"end":{"line":164,"column":1}},"67":{"start":{"line":154,"column":2},"end":{"line":163,"column":3}},"68":{"start":{"line":155,"column":15},"end":{"line":155,"column":60}},"69":{"start":{"line":156,"column":4},"end":{"line":156,"column":38}},"70":{"start":{"line":158,"column":4},"end":{"line":158,"column":23}},"71":{"start":{"line":159,"column":4},"end":{"line":162,"column":7}},"72":{"start":{"line":165,"column":25},"end":{"line":180,"column":1}},"73":{"start":{"line":166,"column":2},"end":{"line":179,"column":3}},"74":{"start":{"line":168,"column":15},"end":{"line":171,"column":6}},"75":{"start":{"line":172,"column":4},"end":{"line":172,"column":38}},"76":{"start":{"line":174,"column":4},"end":{"line":174,"column":23}},"77":{"start":{"line":175,"column":4},"end":{"line":178,"column":7}},"78":{"start":{"line":182,"column":25},"end":{"line":194,"column":1}},"79":{"start":{"line":183,"column":2},"end":{"line":193,"column":3}},"80":{"start":{"line":184,"column":15},"end":{"line":184,"column":62}},"81":{"start":{"line":185,"column":19},"end":{"line":185,"column":57}},"82":{"start":{"line":186,"column":4},"end":{"line":186,"column":41}},"83":{"start":{"line":188,"column":4},"end":{"line":188,"column":23}},"84":{"start":{"line":189,"column":4},"end":{"line":192,"column":7}},"85":{"start":{"line":196,"column":23},"end":{"line":209,"column":1}},"86":{"start":{"line":197,"column":2},"end":{"line":208,"column":3}},"87":{"start":{"line":198,"column":19},"end":{"line":198,"column":64}},"88":{"start":{"line":200,"column":6},"end":{"line":200,"column":67}},"89":{"start":{"line":201,"column":4},"end":{"line":201,"column":47}},"90":{"start":{"line":203,"column":4},"end":{"line":203,"column":23}},"91":{"start":{"line":204,"column":4},"end":{"line":207,"column":7}},"92":{"start":{"line":210,"column":0},"end":{"line":226,"column":2}}},"fnMap":{"0":{"name":"(anonymous_0)","decl":{"start":{"line":3,"column":21},"end":{"line":3,"column":22}},"loc":{"start":{"line":3,"column":41},"end":{"line":18,"column":1}},"line":3},"1":{"name":"(anonymous_1)","decl":{"start":{"line":19,"column":19},"end":{"line":19,"column":20}},"loc":{"start":{"line":19,"column":39},"end":{"line":30,"column":1}},"line":19},"2":{"name":"(anonymous_2)","decl":{"start":{"line":31,"column":25},"end":{"line":31,"column":26}},"loc":{"start":{"line":31,"column":45},"end":{"line":42,"column":1}},"line":31},"3":{"name":"(anonymous_3)","decl":{"start":{"line":43,"column":24},"end":{"line":43,"column":25}},"loc":{"start":{"line":43,"column":44},"end":{"line":54,"column":1}},"line":43},"4":{"name":"(anonymous_4)","decl":{"start":{"line":55,"column":25},"end":{"line":55,"column":26}},"loc":{"start":{"line":55,"column":45},"end":{"line":66,"column":1}},"line":55},"5":{"name":"(anonymous_5)","decl":{"start":{"line":67,"column":19},"end":{"line":67,"column":20}},"loc":{"start":{"line":67,"column":39},"end":{"line":82,"column":1}},"line":67},"6":{"name":"(anonymous_6)","decl":{"start":{"line":83,"column":26},"end":{"line":83,"column":27}},"loc":{"start":{"line":83,"column":46},"end":{"line":98,"column":1}},"line":83},"7":{"name":"(anonymous_7)","decl":{"start":{"line":99,"column":31},"end":{"line":99,"column":32}},"loc":{"start":{"line":99,"column":51},"end":{"line":114,"column":1}},"line":99},"8":{"name":"(anonymous_8)","decl":{"start":{"line":115,"column":19},"end":{"line":115,"column":20}},"loc":{"start":{"line":115,"column":39},"end":{"line":126,"column":1}},"line":115},"9":{"name":"(anonymous_9)","decl":{"start":{"line":129,"column":24},"end":{"line":129,"column":25}},"loc":{"start":{"line":129,"column":44},"end":{"line":140,"column":1}},"line":129},"10":{"name":"(anonymous_10)","decl":{"start":{"line":141,"column":24},"end":{"line":141,"column":25}},"loc":{"start":{"line":141,"column":44},"end":{"line":152,"column":1}},"line":141},"11":{"name":"(anonymous_11)","decl":{"start":{"line":153,"column":23},"end":{"line":153,"column":24}},"loc":{"start":{"line":153,"column":43},"end":{"line":164,"column":1}},"line":153},"12":{"name":"(anonymous_12)","decl":{"start":{"line":165,"column":25},"end":{"line":165,"column":26}},"loc":{"start":{"line":165,"column":45},"end":{"line":180,"column":1}},"line":165},"13":{"name":"(anonymous_13)","decl":{"start":{"line":182,"column":25},"end":{"line":182,"column":26}},"loc":{"start":{"line":182,"column":45},"end":{"line":194,"column":1}},"line":182},"14":{"name":"(anonymous_14)","decl":{"start":{"line":196,"column":23},"end":{"line":196,"column":24}},"loc":{"start":{"line":196,"column":43},"end":{"line":209,"column":1}},"line":196}},"branchMap":{"0":{"loc":{"start":{"line":185,"column":19},"end":{"line":185,"column":57}},"type":"cond-expr","locations":[{"start":{"line":185,"column":48},"end":{"line":185,"column":51}},{"start":{"line":185,"column":54},"end":{"line":185,"column":57}}],"line":185},"1":{"loc":{"start":{"line":185,"column":19},"end":{"line":185,"column":45}},"type":"binary-expr","locations":[{"start":{"line":185,"column":19},"end":{"line":185,"column":23}},{"start":{"line":185,"column":27},"end":{"line":185,"column":45}}],"line":185},"2":{"loc":{"start":{"line":200,"column":6},"end":{"line":200,"column":67}},"type":"cond-expr","locations":[{"start":{"line":200,"column":29},"end":{"line":200,"column":32}},{"start":{"line":200,"column":35},"end":{"line":200,"column":67}}],"line":200},"3":{"loc":{"start":{"line":200,"column":35},"end":{"line":200,"column":67}},"type":"cond-expr","locations":[{"start":{"line":200,"column":58},"end":{"line":200,"column":61}},{"start":{"line":200,"column":64},"end":{"line":200,"column":67}}],"line":200}},"s":{"0":0,"1":0,"2":0,"3":0,"4":0,"5":0,"6":0,"7":0,"8":0,"9":0,"10":0,"11":0,"12":0,"13":0,"14":0,"15":0,"16":0,"17":0,"18":0,"19":0,"20":0,"21":0,"22":0,"23":0,"24":0,"25":0,"26":0,"27":0,"28":0,"29":0,"30":0,"31":0,"32":0,"33":0,"34":0,"35":0,"36":0,"37":0,"38":0,"39":0,"40":0,"41":0,"42":0,"43":0,"44":0,"45":0,"46":0,"47":0,"48":0,"49":0,"50":0,"51":0,"52":0,"53":0,"54":0,"55":0,"56":0,"57":0,"58":0,"59":0,"60":0,"61":0,"62":0,"63":0,"64":0,"65":0,"66":0,"67":0,"68":0,"69":0,"70":0,"71":0,"72":0,"73":0,"74":0,"75":0,"76":0,"77":0,"78":0,"79":0,"80":0,"81":0,"82":0,"83":0,"84":0,"85":0,"86":0,"87":0,"88":0,"89":0,"90":0,"91":0,"92":0},"f":{"0":0,"1":0,"2":0,"3":0,"4":0,"5":0,"6":0,"7":0,"8":0,"9":0,"10":0,"11":0,"12":0,"13":0,"14":0},"b":{"0":[0,0],"1":[0,0],"2":[0,0],"3":[0,0]}}
,"D:\\Projects\\kiemthuphanmem\\ecomAPI\\src\\controllers\\productController.js": {"path":"D:\\Projects\\kiemthuphanmem\\ecomAPI\\src\\controllers\\productController.js","statementMap":{"0":{"start":{"line":4,"column":23},"end":{"line":15,"column":1}},"1":{"start":{"line":5,"column":4},"end":{"line":14,"column":5}},"2":{"start":{"line":6,"column":19},"end":{"line":6,"column":66}},"3":{"start":{"line":7,"column":8},"end":{"line":7,"column":42}},"4":{"start":{"line":9,"column":8},"end":{"line":9,"column":26}},"5":{"start":{"line":10,"column":8},"end":{"line":13,"column":10}},"6":{"start":{"line":16,"column":25},"end":{"line":27,"column":1}},"7":{"start":{"line":17,"column":4},"end":{"line":26,"column":5}},"8":{"start":{"line":18,"column":19},"end":{"line":18,"column":69}},"9":{"start":{"line":19,"column":8},"end":{"line":19,"column":42}},"10":{"start":{"line":21,"column":8},"end":{"line":21,"column":26}},"11":{"start":{"line":22,"column":8},"end":{"line":25,"column":10}},"12":{"start":{"line":28,"column":24},"end":{"line":39,"column":1}},"13":{"start":{"line":29,"column":4},"end":{"line":38,"column":5}},"14":{"start":{"line":30,"column":19},"end":{"line":30,"column":68}},"15":{"start":{"line":31,"column":8},"end":{"line":31,"column":42}},"16":{"start":{"line":33,"column":8},"end":{"line":33,"column":26}},"17":{"start":{"line":34,"column":8},"end":{"line":37,"column":10}},"18":{"start":{"line":40,"column":22},"end":{"line":51,"column":1}},"19":{"start":{"line":41,"column":4},"end":{"line":50,"column":5}},"20":{"start":{"line":42,"column":19},"end":{"line":42,"column":65}},"21":{"start":{"line":43,"column":8},"end":{"line":43,"column":42}},"22":{"start":{"line":45,"column":8},"end":{"line":45,"column":26}},"23":{"start":{"line":46,"column":8},"end":{"line":49,"column":10}},"24":{"start":{"line":52,"column":20},"end":{"line":63,"column":1}},"25":{"start":{"line":53,"column":4},"end":{"line":62,"column":5}},"26":{"start":{"line":54,"column":19},"end":{"line":54,"column":63}},"27":{"start":{"line":55,"column":8},"end":{"line":55,"column":42}},"28":{"start":{"line":57,"column":8},"end":{"line":57,"column":26}},"29":{"start":{"line":58,"column":8},"end":{"line":61,"column":10}},"30":{"start":{"line":64,"column":27},"end":{"line":75,"column":1}},"31":{"start":{"line":65,"column":4},"end":{"line":74,"column":5}},"32":{"start":{"line":66,"column":19},"end":{"line":66,"column":74}},"33":{"start":{"line":67,"column":8},"end":{"line":67,"column":42}},"34":{"start":{"line":69,"column":8},"end":{"line":69,"column":26}},"35":{"start":{"line":70,"column":8},"end":{"line":73,"column":10}},"36":{"start":{"line":76,"column":20},"end":{"line":87,"column":1}},"37":{"start":{"line":77,"column":4},"end":{"line":86,"column":5}},"38":{"start":{"line":78,"column":19},"end":{"line":78,"column":63}},"39":{"start":{"line":79,"column":8},"end":{"line":79,"column":42}},"40":{"start":{"line":81,"column":8},"end":{"line":81,"column":26}},"41":{"start":{"line":82,"column":8},"end":{"line":85,"column":10}},"42":{"start":{"line":88,"column":30},"end":{"line":99,"column":1}},"43":{"start":{"line":89,"column":4},"end":{"line":98,"column":5}},"44":{"start":{"line":90,"column":19},"end":{"line":90,"column":74}},"45":{"start":{"line":91,"column":8},"end":{"line":91,"column":42}},"46":{"start":{"line":93,"column":8},"end":{"line":93,"column":26}},"47":{"start":{"line":94,"column":8},"end":{"line":97,"column":10}},"48":{"start":{"line":100,"column":35},"end":{"line":111,"column":1}},"49":{"start":{"line":101,"column":4},"end":{"line":110,"column":5}},"50":{"start":{"line":102,"column":19},"end":{"line":102,"column":79}},"51":{"start":{"line":103,"column":8},"end":{"line":103,"column":42}},"52":{"start":{"line":105,"column":8},"end":{"line":105,"column":26}},"53":{"start":{"line":106,"column":8},"end":{"line":109,"column":10}},"54":{"start":{"line":112,"column":29},"end":{"line":123,"column":1}},"55":{"start":{"line":113,"column":4},"end":{"line":122,"column":5}},"56":{"start":{"line":114,"column":19},"end":{"line":114,"column":72}},"57":{"start":{"line":115,"column":8},"end":{"line":115,"column":42}},"58":{"start":{"line":117,"column":8},"end":{"line":117,"column":26}},"59":{"start":{"line":118,"column":8},"end":{"line":121,"column":10}},"60":{"start":{"line":124,"column":26},"end":{"line":135,"column":1}},"61":{"start":{"line":125,"column":4},"end":{"line":134,"column":5}},"62":{"start":{"line":126,"column":19},"end":{"line":126,"column":69}},"63":{"start":{"line":127,"column":8},"end":{"line":127,"column":42}},"64":{"start":{"line":129,"column":8},"end":{"line":129,"column":26}},"65":{"start":{"line":130,"column":8},"end":{"line":133,"column":10}},"66":{"start":{"line":136,"column":33},"end":{"line":147,"column":1}},"67":{"start":{"line":137,"column":4},"end":{"line":146,"column":5}},"68":{"start":{"line":138,"column":19},"end":{"line":138,"column":80}},"69":{"start":{"line":139,"column":8},"end":{"line":139,"column":42}},"70":{"start":{"line":141,"column":8},"end":{"line":141,"column":26}},"71":{"start":{"line":142,"column":8},"end":{"line":145,"column":10}},"72":{"start":{"line":148,"column":34},"end":{"line":159,"column":1}},"73":{"start":{"line":149,"column":4},"end":{"line":158,"column":5}},"74":{"start":{"line":150,"column":19},"end":{"line":150,"column":77}},"75":{"start":{"line":151,"column":8},"end":{"line":151,"column":42}},"76":{"start":{"line":153,"column":8},"end":{"line":153,"column":26}},"77":{"start":{"line":154,"column":8},"end":{"line":157,"column":10}},"78":{"start":{"line":160,"column":32},"end":{"line":171,"column":1}},"79":{"start":{"line":161,"column":4},"end":{"line":170,"column":5}},"80":{"start":{"line":162,"column":19},"end":{"line":162,"column":79}},"81":{"start":{"line":163,"column":8},"end":{"line":163,"column":42}},"82":{"start":{"line":165,"column":8},"end":{"line":165,"column":26}},"83":{"start":{"line":166,"column":8},"end":{"line":169,"column":10}},"84":{"start":{"line":172,"column":31},"end":{"line":183,"column":1}},"85":{"start":{"line":173,"column":4},"end":{"line":182,"column":5}},"86":{"start":{"line":174,"column":19},"end":{"line":174,"column":74}},"87":{"start":{"line":175,"column":8},"end":{"line":175,"column":42}},"88":{"start":{"line":177,"column":8},"end":{"line":177,"column":26}},"89":{"start":{"line":178,"column":8},"end":{"line":181,"column":10}},"90":{"start":{"line":184,"column":31},"end":{"line":195,"column":1}},"91":{"start":{"line":185,"column":4},"end":{"line":194,"column":5}},"92":{"start":{"line":186,"column":19},"end":{"line":186,"column":74}},"93":{"start":{"line":187,"column":8},"end":{"line":187,"column":42}},"94":{"start":{"line":189,"column":8},"end":{"line":189,"column":26}},"95":{"start":{"line":190,"column":8},"end":{"line":193,"column":10}},"96":{"start":{"line":196,"column":26},"end":{"line":207,"column":1}},"97":{"start":{"line":197,"column":4},"end":{"line":206,"column":5}},"98":{"start":{"line":198,"column":19},"end":{"line":198,"column":69}},"99":{"start":{"line":199,"column":8},"end":{"line":199,"column":42}},"100":{"start":{"line":201,"column":8},"end":{"line":201,"column":26}},"101":{"start":{"line":202,"column":8},"end":{"line":205,"column":10}},"102":{"start":{"line":208,"column":34},"end":{"line":219,"column":1}},"103":{"start":{"line":209,"column":4},"end":{"line":218,"column":5}},"104":{"start":{"line":210,"column":19},"end":{"line":210,"column":78}},"105":{"start":{"line":211,"column":8},"end":{"line":211,"column":42}},"106":{"start":{"line":213,"column":8},"end":{"line":213,"column":26}},"107":{"start":{"line":214,"column":8},"end":{"line":217,"column":10}},"108":{"start":{"line":220,"column":33},"end":{"line":231,"column":1}},"109":{"start":{"line":221,"column":4},"end":{"line":230,"column":5}},"110":{"start":{"line":222,"column":19},"end":{"line":222,"column":76}},"111":{"start":{"line":223,"column":8},"end":{"line":223,"column":42}},"112":{"start":{"line":225,"column":8},"end":{"line":225,"column":26}},"113":{"start":{"line":226,"column":8},"end":{"line":229,"column":10}},"114":{"start":{"line":232,"column":37},"end":{"line":243,"column":1}},"115":{"start":{"line":233,"column":4},"end":{"line":242,"column":5}},"116":{"start":{"line":234,"column":19},"end":{"line":234,"column":84}},"117":{"start":{"line":235,"column":8},"end":{"line":235,"column":42}},"118":{"start":{"line":237,"column":8},"end":{"line":237,"column":26}},"119":{"start":{"line":238,"column":8},"end":{"line":241,"column":10}},"120":{"start":{"line":244,"column":30},"end":{"line":255,"column":1}},"121":{"start":{"line":245,"column":4},"end":{"line":254,"column":5}},"122":{"start":{"line":246,"column":19},"end":{"line":246,"column":73}},"123":{"start":{"line":247,"column":8},"end":{"line":247,"column":42}},"124":{"start":{"line":249,"column":8},"end":{"line":249,"column":26}},"125":{"start":{"line":250,"column":8},"end":{"line":253,"column":10}},"126":{"start":{"line":256,"column":30},"end":{"line":267,"column":1}},"127":{"start":{"line":257,"column":4},"end":{"line":266,"column":5}},"128":{"start":{"line":258,"column":19},"end":{"line":258,"column":73}},"129":{"start":{"line":259,"column":8},"end":{"line":259,"column":42}},"130":{"start":{"line":261,"column":8},"end":{"line":261,"column":26}},"131":{"start":{"line":262,"column":8},"end":{"line":265,"column":10}},"132":{"start":{"line":268,"column":24},"end":{"line":279,"column":1}},"133":{"start":{"line":269,"column":4},"end":{"line":278,"column":5}},"134":{"start":{"line":270,"column":19},"end":{"line":270,"column":74}},"135":{"start":{"line":271,"column":8},"end":{"line":271,"column":42}},"136":{"start":{"line":273,"column":8},"end":{"line":273,"column":26}},"137":{"start":{"line":274,"column":8},"end":{"line":277,"column":10}},"138":{"start":{"line":280,"column":20},"end":{"line":291,"column":1}},"139":{"start":{"line":281,"column":4},"end":{"line":290,"column":5}},"140":{"start":{"line":282,"column":19},"end":{"line":282,"column":70}},"141":{"start":{"line":283,"column":8},"end":{"line":283,"column":42}},"142":{"start":{"line":285,"column":8},"end":{"line":285,"column":26}},"143":{"start":{"line":286,"column":8},"end":{"line":289,"column":10}},"144":{"start":{"line":292,"column":25},"end":{"line":303,"column":1}},"145":{"start":{"line":293,"column":4},"end":{"line":302,"column":5}},"146":{"start":{"line":294,"column":19},"end":{"line":294,"column":69}},"147":{"start":{"line":295,"column":8},"end":{"line":295,"column":42}},"148":{"start":{"line":297,"column":8},"end":{"line":297,"column":26}},"149":{"start":{"line":298,"column":8},"end":{"line":301,"column":10}},"150":{"start":{"line":305,"column":0},"end":{"line":331,"column":1}}},"fnMap":{"0":{"name":"(anonymous_0)","decl":{"start":{"line":4,"column":23},"end":{"line":4,"column":24}},"loc":{"start":{"line":4,"column":43},"end":{"line":15,"column":1}},"line":4},"1":{"name":"(anonymous_1)","decl":{"start":{"line":16,"column":25},"end":{"line":16,"column":26}},"loc":{"start":{"line":16,"column":45},"end":{"line":27,"column":1}},"line":16},"2":{"name":"(anonymous_2)","decl":{"start":{"line":28,"column":24},"end":{"line":28,"column":25}},"loc":{"start":{"line":28,"column":44},"end":{"line":39,"column":1}},"line":28},"3":{"name":"(anonymous_3)","decl":{"start":{"line":40,"column":22},"end":{"line":40,"column":23}},"loc":{"start":{"line":40,"column":42},"end":{"line":51,"column":1}},"line":40},"4":{"name":"(anonymous_4)","decl":{"start":{"line":52,"column":20},"end":{"line":52,"column":21}},"loc":{"start":{"line":52,"column":40},"end":{"line":63,"column":1}},"line":52},"5":{"name":"(anonymous_5)","decl":{"start":{"line":64,"column":27},"end":{"line":64,"column":28}},"loc":{"start":{"line":64,"column":47},"end":{"line":75,"column":1}},"line":64},"6":{"name":"(anonymous_6)","decl":{"start":{"line":76,"column":20},"end":{"line":76,"column":21}},"loc":{"start":{"line":76,"column":40},"end":{"line":87,"column":1}},"line":76},"7":{"name":"(anonymous_7)","decl":{"start":{"line":88,"column":30},"end":{"line":88,"column":31}},"loc":{"start":{"line":88,"column":50},"end":{"line":99,"column":1}},"line":88},"8":{"name":"(anonymous_8)","decl":{"start":{"line":100,"column":35},"end":{"line":100,"column":36}},"loc":{"start":{"line":100,"column":55},"end":{"line":111,"column":1}},"line":100},"9":{"name":"(anonymous_9)","decl":{"start":{"line":112,"column":29},"end":{"line":112,"column":30}},"loc":{"start":{"line":112,"column":49},"end":{"line":123,"column":1}},"line":112},"10":{"name":"(anonymous_10)","decl":{"start":{"line":124,"column":26},"end":{"line":124,"column":27}},"loc":{"start":{"line":124,"column":46},"end":{"line":135,"column":1}},"line":124},"11":{"name":"(anonymous_11)","decl":{"start":{"line":136,"column":33},"end":{"line":136,"column":34}},"loc":{"start":{"line":136,"column":53},"end":{"line":147,"column":1}},"line":136},"12":{"name":"(anonymous_12)","decl":{"start":{"line":148,"column":34},"end":{"line":148,"column":35}},"loc":{"start":{"line":148,"column":54},"end":{"line":159,"column":1}},"line":148},"13":{"name":"(anonymous_13)","decl":{"start":{"line":160,"column":32},"end":{"line":160,"column":33}},"loc":{"start":{"line":160,"column":52},"end":{"line":171,"column":1}},"line":160},"14":{"name":"(anonymous_14)","decl":{"start":{"line":172,"column":31},"end":{"line":172,"column":32}},"loc":{"start":{"line":172,"column":51},"end":{"line":183,"column":1}},"line":172},"15":{"name":"(anonymous_15)","decl":{"start":{"line":184,"column":31},"end":{"line":184,"column":32}},"loc":{"start":{"line":184,"column":51},"end":{"line":195,"column":1}},"line":184},"16":{"name":"(anonymous_16)","decl":{"start":{"line":196,"column":26},"end":{"line":196,"column":27}},"loc":{"start":{"line":196,"column":46},"end":{"line":207,"column":1}},"line":196},"17":{"name":"(anonymous_17)","decl":{"start":{"line":208,"column":34},"end":{"line":208,"column":35}},"loc":{"start":{"line":208,"column":54},"end":{"line":219,"column":1}},"line":208},"18":{"name":"(anonymous_18)","decl":{"start":{"line":220,"column":33},"end":{"line":220,"column":34}},"loc":{"start":{"line":220,"column":53},"end":{"line":231,"column":1}},"line":220},"19":{"name":"(anonymous_19)","decl":{"start":{"line":232,"column":37},"end":{"line":232,"column":38}},"loc":{"start":{"line":232,"column":57},"end":{"line":243,"column":1}},"line":232},"20":{"name":"(anonymous_20)","decl":{"start":{"line":244,"column":30},"end":{"line":244,"column":31}},"loc":{"start":{"line":244,"column":50},"end":{"line":255,"column":1}},"line":244},"21":{"name":"(anonymous_21)","decl":{"start":{"line":256,"column":30},"end":{"line":256,"column":31}},"loc":{"start":{"line":256,"column":50},"end":{"line":267,"column":1}},"line":256},"22":{"name":"(anonymous_22)","decl":{"start":{"line":268,"column":24},"end":{"line":268,"column":25}},"loc":{"start":{"line":268,"column":44},"end":{"line":279,"column":1}},"line":268},"23":{"name":"(anonymous_23)","decl":{"start":{"line":280,"column":20},"end":{"line":280,"column":21}},"loc":{"start":{"line":280,"column":40},"end":{"line":291,"column":1}},"line":280},"24":{"name":"(anonymous_24)","decl":{"start":{"line":292,"column":25},"end":{"line":292,"column":26}},"loc":{"start":{"line":292,"column":45},"end":{"line":303,"column":1}},"line":292}},"branchMap":{},"s":{"0":0,"1":0,"2":0,"3":0,"4":0,"5":0,"6":0,"7":0,"8":0,"9":0,"10":0,"11":0,"12":0,"13":0,"14":0,"15":0,"16":0,"17":0,"18":0,"19":0,"20":0,"21":0,"22":0,"23":0,"24":0,"25":0,"26":0,"27":0,"28":0,"29":0,"30":0,"31":0,"32":0,"33":0,"34":0,"35":0,"36":0,"37":0,"38":0,"39":0,"40":0,"41":0,"42":0,"43":0,"44":0,"45":0,"46":0,"47":0,"48":0,"49":0,"50":0,"51":0,"52":0,"53":0,"54":0,"55":0,"56":0,"57":0,"58":0,"59":0,"60":0,"61":0,"62":0,"63":0,"64":0,"65":0,"66":0,"67":0,"68":0,"69":0,"70":0,"71":0,"72":0,"73":0,"74":0,"75":0,"76":0,"77":0,"78":0,"79":0,"80":0,"81":0,"82":0,"83":0,"84":0,"85":0,"86":0,"87":0,"88":0,"89":0,"90":0,"91":0,"92":0,"93":0,"94":0,"95":0,"96":0,"97":0,"98":0,"99":0,"100":0,"101":0,"102":0,"103":0,"104":0,"105":0,"106":0,"107":0,"108":0,"109":0,"110":0,"111":0,"112":0,"113":0,"114":0,"115":0,"116":0,"117":0,"118":0,"119":0,"120":0,"121":0,"122":0,"123":0,"124":0,"125":0,"126":0,"127":0,"128":0,"129":0,"130":0,"131":0,"132":0,"133":0,"134":0,"135":0,"136":0,"137":0,"138":0,"139":0,"140":0,"141":0,"142":0,"143":0,"144":0,"145":0,"146":0,"147":0,"148":0,"149":0,"150":0},"f":{"0":0,"1":0,"2":0,"3":0,"4":0,"5":0,"6":0,"7":0,"8":0,"9":0,"10":0,"11":0,"12":0,"13":0,"14":0,"15":0,"16":0,"17":0,"18":0,"19":0,"20":0,"21":0,"22":0,"23":0,"24":0},"b":{}}
,"D:\\Projects\\kiemthuphanmem\\ecomAPI\\src\\controllers\\receiptController.js": {"path":"D:\\Projects\\kiemthuphanmem\\ecomAPI\\src\\controllers\\receiptController.js","statementMap":{"0":{"start":{"line":3,"column":23},"end":{"line":14,"column":1}},"1":{"start":{"line":4,"column":4},"end":{"line":13,"column":5}},"2":{"start":{"line":5,"column":19},"end":{"line":5,"column":66}},"3":{"start":{"line":6,"column":8},"end":{"line":6,"column":42}},"4":{"start":{"line":8,"column":8},"end":{"line":8,"column":26}},"5":{"start":{"line":9,"column":8},"end":{"line":12,"column":10}},"6":{"start":{"line":15,"column":27},"end":{"line":26,"column":1}},"7":{"start":{"line":16,"column":4},"end":{"line":25,"column":5}},"8":{"start":{"line":17,"column":19},"end":{"line":17,"column":74}},"9":{"start":{"line":18,"column":8},"end":{"line":18,"column":42}},"10":{"start":{"line":20,"column":8},"end":{"line":20,"column":26}},"11":{"start":{"line":21,"column":8},"end":{"line":24,"column":10}},"12":{"start":{"line":27,"column":20},"end":{"line":38,"column":1}},"13":{"start":{"line":28,"column":4},"end":{"line":37,"column":5}},"14":{"start":{"line":29,"column":19},"end":{"line":29,"column":64}},"15":{"start":{"line":30,"column":8},"end":{"line":30,"column":42}},"16":{"start":{"line":32,"column":8},"end":{"line":32,"column":26}},"17":{"start":{"line":33,"column":8},"end":{"line":36,"column":10}},"18":{"start":{"line":39,"column":20},"end":{"line":50,"column":1}},"19":{"start":{"line":40,"column":4},"end":{"line":49,"column":5}},"20":{"start":{"line":41,"column":19},"end":{"line":41,"column":63}},"21":{"start":{"line":42,"column":8},"end":{"line":42,"column":42}},"22":{"start":{"line":44,"column":8},"end":{"line":44,"column":26}},"23":{"start":{"line":45,"column":8},"end":{"line":48,"column":10}},"24":{"start":{"line":51,"column":20},"end":{"line":62,"column":1}},"25":{"start":{"line":52,"column":4},"end":{"line":61,"column":5}},"26":{"start":{"line":53,"column":19},"end":{"line":53,"column":63}},"27":{"start":{"line":54,"column":8},"end":{"line":54,"column":42}},"28":{"start":{"line":56,"column":8},"end":{"line":56,"column":26}},"29":{"start":{"line":57,"column":8},"end":{"line":60,"column":10}},"30":{"start":{"line":63,"column":29},"end":{"line":74,"column":1}},"31":{"start":{"line":64,"column":4},"end":{"line":73,"column":5}},"32":{"start":{"line":65,"column":19},"end":{"line":65,"column":72}},"33":{"start":{"line":66,"column":8},"end":{"line":66,"column":42}},"34":{"start":{"line":68,"column":8},"end":{"line":68,"column":26}},"35":{"start":{"line":69,"column":8},"end":{"line":72,"column":10}},"36":{"start":{"line":75,"column":0},"end":{"line":82,"column":1}}},"fnMap":{"0":{"name":"(anonymous_0)","decl":{"start":{"line":3,"column":23},"end":{"line":3,"column":24}},"loc":{"start":{"line":3,"column":43},"end":{"line":14,"column":1}},"line":3},"1":{"name":"(anonymous_1)","decl":{"start":{"line":15,"column":27},"end":{"line":15,"column":28}},"loc":{"start":{"line":15,"column":47},"end":{"line":26,"column":1}},"line":15},"2":{"name":"(anonymous_2)","decl":{"start":{"line":27,"column":20},"end":{"line":27,"column":21}},"loc":{"start":{"line":27,"column":40},"end":{"line":38,"column":1}},"line":27},"3":{"name":"(anonymous_3)","decl":{"start":{"line":39,"column":20},"end":{"line":39,"column":21}},"loc":{"start":{"line":39,"column":40},"end":{"line":50,"column":1}},"line":39},"4":{"name":"(anonymous_4)","decl":{"start":{"line":51,"column":20},"end":{"line":51,"column":21}},"loc":{"start":{"line":51,"column":40},"end":{"line":62,"column":1}},"line":51},"5":{"name":"(anonymous_5)","decl":{"start":{"line":63,"column":29},"end":{"line":63,"column":30}},"loc":{"start":{"line":63,"column":49},"end":{"line":74,"column":1}},"line":63}},"branchMap":{},"s":{"0":0,"1":0,"2":0,"3":0,"4":0,"5":0,"6":0,"7":0,"8":0,"9":0,"10":0,"11":0,"12":0,"13":0,"14":0,"15":0,"16":0,"17":0,"18":0,"19":0,"20":0,"21":0,"22":0,"23":0,"24":0,"25":0,"26":0,"27":0,"28":0,"29":0,"30":0,"31":0,"32":0,"33":0,"34":0,"35":0,"36":0},"f":{"0":0,"1":0,"2":0,"3":0,"4":0,"5":0},"b":{}}
,"D:\\Projects\\kiemthuphanmem\\ecomAPI\\src\\controllers\\shopCartController.js": {"path":"D:\\Projects\\kiemthuphanmem\\ecomAPI\\src\\controllers\\shopCartController.js","statementMap":{"0":{"start":{"line":3,"column":18},"end":{"line":14,"column":1}},"1":{"start":{"line":4,"column":4},"end":{"line":13,"column":5}},"2":{"start":{"line":5,"column":19},"end":{"line":5,"column":62}},"3":{"start":{"line":6,"column":8},"end":{"line":6,"column":42}},"4":{"start":{"line":8,"column":8},"end":{"line":8,"column":26}},"5":{"start":{"line":9,"column":8},"end":{"line":12,"column":10}},"6":{"start":{"line":15,"column":29},"end":{"line":26,"column":1}},"7":{"start":{"line":16,"column":4},"end":{"line":25,"column":5}},"8":{"start":{"line":17,"column":19},"end":{"line":17,"column":77}},"9":{"start":{"line":18,"column":8},"end":{"line":18,"column":42}},"10":{"start":{"line":20,"column":8},"end":{"line":20,"column":26}},"11":{"start":{"line":21,"column":8},"end":{"line":24,"column":10}},"12":{"start":{"line":27,"column":25},"end":{"line":38,"column":1}},"13":{"start":{"line":28,"column":4},"end":{"line":37,"column":5}},"14":{"start":{"line":29,"column":19},"end":{"line":29,"column":69}},"15":{"start":{"line":30,"column":8},"end":{"line":30,"column":42}},"16":{"start":{"line":32,"column":8},"end":{"line":32,"column":26}},"17":{"start":{"line":33,"column":8},"end":{"line":36,"column":10}},"18":{"start":{"line":39,"column":0},"end":{"line":43,"column":1}}},"fnMap":{"0":{"name":"(anonymous_0)","decl":{"start":{"line":3,"column":18},"end":{"line":3,"column":19}},"loc":{"start":{"line":3,"column":38},"end":{"line":14,"column":1}},"line":3},"1":{"name":"(anonymous_1)","decl":{"start":{"line":15,"column":29},"end":{"line":15,"column":30}},"loc":{"start":{"line":15,"column":49},"end":{"line":26,"column":1}},"line":15},"2":{"name":"(anonymous_2)","decl":{"start":{"line":27,"column":25},"end":{"line":27,"column":26}},"loc":{"start":{"line":27,"column":45},"end":{"line":38,"column":1}},"line":27}},"branchMap":{},"s":{"0":0,"1":0,"2":0,"3":0,"4":0,"5":0,"6":0,"7":0,"8":0,"9":0,"10":0,"11":0,"12":0,"13":0,"14":0,"15":0,"16":0,"17":0,"18":0},"f":{"0":0,"1":0,"2":0},"b":{}}
,"D:\\Projects\\kiemthuphanmem\\ecomAPI\\src\\controllers\\statisticController.js": {"path":"D:\\Projects\\kiemthuphanmem\\ecomAPI\\src\\controllers\\statisticController.js","statementMap":{"0":{"start":{"line":3,"column":28},"end":{"line":14,"column":1}},"1":{"start":{"line":4,"column":4},"end":{"line":13,"column":5}},"2":{"start":{"line":5,"column":19},"end":{"line":5,"column":74}},"3":{"start":{"line":6,"column":8},"end":{"line":6,"column":42}},"4":{"start":{"line":8,"column":8},"end":{"line":8,"column":26}},"5":{"start":{"line":9,"column":8},"end":{"line":12,"column":10}},"6":{"start":{"line":15,"column":26},"end":{"line":26,"column":1}},"7":{"start":{"line":16,"column":4},"end":{"line":25,"column":5}},"8":{"start":{"line":17,"column":19},"end":{"line":17,"column":72}},"9":{"start":{"line":18,"column":8},"end":{"line":18,"column":42}},"10":{"start":{"line":20,"column":8},"end":{"line":20,"column":26}},"11":{"start":{"line":21,"column":8},"end":{"line":24,"column":10}},"12":{"start":{"line":27,"column":26},"end":{"line":38,"column":1}},"13":{"start":{"line":28,"column":4},"end":{"line":37,"column":5}},"14":{"start":{"line":29,"column":19},"end":{"line":29,"column":72}},"15":{"start":{"line":30,"column":8},"end":{"line":30,"column":42}},"16":{"start":{"line":32,"column":8},"end":{"line":32,"column":26}},"17":{"start":{"line":33,"column":8},"end":{"line":36,"column":10}},"18":{"start":{"line":39,"column":24},"end":{"line":50,"column":1}},"19":{"start":{"line":40,"column":4},"end":{"line":49,"column":5}},"20":{"start":{"line":41,"column":19},"end":{"line":41,"column":70}},"21":{"start":{"line":42,"column":8},"end":{"line":42,"column":42}},"22":{"start":{"line":44,"column":8},"end":{"line":44,"column":26}},"23":{"start":{"line":45,"column":8},"end":{"line":48,"column":10}},"24":{"start":{"line":51,"column":27},"end":{"line":62,"column":1}},"25":{"start":{"line":52,"column":4},"end":{"line":61,"column":5}},"26":{"start":{"line":53,"column":19},"end":{"line":53,"column":73}},"27":{"start":{"line":54,"column":8},"end":{"line":54,"column":42}},"28":{"start":{"line":56,"column":8},"end":{"line":56,"column":26}},"29":{"start":{"line":57,"column":8},"end":{"line":60,"column":10}},"30":{"start":{"line":63,"column":25},"end":{"line":74,"column":1}},"31":{"start":{"line":64,"column":4},"end":{"line":73,"column":5}},"32":{"start":{"line":65,"column":19},"end":{"line":65,"column":71}},"33":{"start":{"line":66,"column":8},"end":{"line":66,"column":42}},"34":{"start":{"line":68,"column":8},"end":{"line":68,"column":26}},"35":{"start":{"line":69,"column":8},"end":{"line":72,"column":10}},"36":{"start":{"line":75,"column":31},"end":{"line":86,"column":1}},"37":{"start":{"line":76,"column":4},"end":{"line":85,"column":5}},"38":{"start":{"line":77,"column":19},"end":{"line":77,"column":77}},"39":{"start":{"line":78,"column":8},"end":{"line":78,"column":42}},"40":{"start":{"line":80,"column":8},"end":{"line":80,"column":26}},"41":{"start":{"line":81,"column":8},"end":{"line":84,"column":10}},"42":{"start":{"line":87,"column":0},"end":{"line":96,"column":1}}},"fnMap":{"0":{"name":"(anonymous_0)","decl":{"start":{"line":3,"column":28},"end":{"line":3,"column":29}},"loc":{"start":{"line":3,"column":48},"end":{"line":14,"column":1}},"line":3},"1":{"name":"(anonymous_1)","decl":{"start":{"line":15,"column":26},"end":{"line":15,"column":27}},"loc":{"start":{"line":15,"column":46},"end":{"line":26,"column":1}},"line":15},"2":{"name":"(anonymous_2)","decl":{"start":{"line":27,"column":26},"end":{"line":27,"column":27}},"loc":{"start":{"line":27,"column":46},"end":{"line":38,"column":1}},"line":27},"3":{"name":"(anonymous_3)","decl":{"start":{"line":39,"column":24},"end":{"line":39,"column":25}},"loc":{"start":{"line":39,"column":44},"end":{"line":50,"column":1}},"line":39},"4":{"name":"(anonymous_4)","decl":{"start":{"line":51,"column":27},"end":{"line":51,"column":28}},"loc":{"start":{"line":51,"column":47},"end":{"line":62,"column":1}},"line":51},"5":{"name":"(anonymous_5)","decl":{"start":{"line":63,"column":25},"end":{"line":63,"column":26}},"loc":{"start":{"line":63,"column":45},"end":{"line":74,"column":1}},"line":63},"6":{"name":"(anonymous_6)","decl":{"start":{"line":75,"column":31},"end":{"line":75,"column":32}},"loc":{"start":{"line":75,"column":51},"end":{"line":86,"column":1}},"line":75}},"branchMap":{},"s":{"0":0,"1":0,"2":0,"3":0,"4":0,"5":0,"6":0,"7":0,"8":0,"9":0,"10":0,"11":0,"12":0,"13":0,"14":0,"15":0,"16":0,"17":0,"18":0,"19":0,"20":0,"21":0,"22":0,"23":0,"24":0,"25":0,"26":0,"27":0,"28":0,"29":0,"30":0,"31":0,"32":0,"33":0,"34":0,"35":0,"36":0,"37":0,"38":0,"39":0,"40":0,"41":0,"42":0},"f":{"0":0,"1":0,"2":0,"3":0,"4":0,"5":0,"6":0},"b":{}}
,"D:\\Projects\\kiemthuphanmem\\ecomAPI\\src\\controllers\\supplierController.js": {"path":"D:\\Projects\\kiemthuphanmem\\ecomAPI\\src\\controllers\\supplierController.js","statementMap":{"0":{"start":{"line":3,"column":24},"end":{"line":14,"column":1}},"1":{"start":{"line":4,"column":4},"end":{"line":13,"column":5}},"2":{"start":{"line":5,"column":19},"end":{"line":5,"column":68}},"3":{"start":{"line":6,"column":8},"end":{"line":6,"column":42}},"4":{"start":{"line":8,"column":8},"end":{"line":8,"column":26}},"5":{"start":{"line":9,"column":8},"end":{"line":12,"column":10}},"6":{"start":{"line":15,"column":28},"end":{"line":26,"column":1}},"7":{"start":{"line":16,"column":4},"end":{"line":25,"column":5}},"8":{"start":{"line":17,"column":19},"end":{"line":17,"column":76}},"9":{"start":{"line":18,"column":8},"end":{"line":18,"column":42}},"10":{"start":{"line":20,"column":8},"end":{"line":20,"column":26}},"11":{"start":{"line":21,"column":8},"end":{"line":24,"column":10}},"12":{"start":{"line":27,"column":21},"end":{"line":38,"column":1}},"13":{"start":{"line":28,"column":4},"end":{"line":37,"column":5}},"14":{"start":{"line":29,"column":19},"end":{"line":29,"column":66}},"15":{"start":{"line":30,"column":8},"end":{"line":30,"column":42}},"16":{"start":{"line":32,"column":8},"end":{"line":32,"column":26}},"17":{"start":{"line":33,"column":8},"end":{"line":36,"column":10}},"18":{"start":{"line":39,"column":21},"end":{"line":50,"column":1}},"19":{"start":{"line":40,"column":4},"end":{"line":49,"column":5}},"20":{"start":{"line":41,"column":19},"end":{"line":41,"column":65}},"21":{"start":{"line":42,"column":8},"end":{"line":42,"column":42}},"22":{"start":{"line":44,"column":8},"end":{"line":44,"column":26}},"23":{"start":{"line":45,"column":8},"end":{"line":48,"column":10}},"24":{"start":{"line":51,"column":21},"end":{"line":62,"column":1}},"25":{"start":{"line":52,"column":4},"end":{"line":61,"column":5}},"26":{"start":{"line":53,"column":19},"end":{"line":53,"column":65}},"27":{"start":{"line":54,"column":8},"end":{"line":54,"column":42}},"28":{"start":{"line":56,"column":8},"end":{"line":56,"column":26}},"29":{"start":{"line":57,"column":8},"end":{"line":60,"column":10}},"30":{"start":{"line":63,"column":0},"end":{"line":69,"column":1}}},"fnMap":{"0":{"name":"(anonymous_0)","decl":{"start":{"line":3,"column":24},"end":{"line":3,"column":25}},"loc":{"start":{"line":3,"column":44},"end":{"line":14,"column":1}},"line":3},"1":{"name":"(anonymous_1)","decl":{"start":{"line":15,"column":28},"end":{"line":15,"column":29}},"loc":{"start":{"line":15,"column":48},"end":{"line":26,"column":1}},"line":15},"2":{"name":"(anonymous_2)","decl":{"start":{"line":27,"column":21},"end":{"line":27,"column":22}},"loc":{"start":{"line":27,"column":41},"end":{"line":38,"column":1}},"line":27},"3":{"name":"(anonymous_3)","decl":{"start":{"line":39,"column":21},"end":{"line":39,"column":22}},"loc":{"start":{"line":39,"column":41},"end":{"line":50,"column":1}},"line":39},"4":{"name":"(anonymous_4)","decl":{"start":{"line":51,"column":21},"end":{"line":51,"column":22}},"loc":{"start":{"line":51,"column":41},"end":{"line":62,"column":1}},"line":51}},"branchMap":{},"s":{"0":0,"1":0,"2":0,"3":0,"4":0,"5":0,"6":0,"7":0,"8":0,"9":0,"10":0,"11":0,"12":0,"13":0,"14":0,"15":0,"16":0,"17":0,"18":0,"19":0,"20":0,"21":0,"22":0,"23":0,"24":0,"25":0,"26":0,"27":0,"28":0,"29":0,"30":0},"f":{"0":0,"1":0,"2":0,"3":0,"4":0},"b":{}}
,"D:\\Projects\\kiemthuphanmem\\ecomAPI\\src\\controllers\\typeshipController.js": {"path":"D:\\Projects\\kiemthuphanmem\\ecomAPI\\src\\controllers\\typeshipController.js","statementMap":{"0":{"start":{"line":3,"column":24},"end":{"line":14,"column":1}},"1":{"start":{"line":4,"column":4},"end":{"line":13,"column":5}},"2":{"start":{"line":5,"column":19},"end":{"line":5,"column":68}},"3":{"start":{"line":6,"column":8},"end":{"line":6,"column":42}},"4":{"start":{"line":8,"column":8},"end":{"line":8,"column":26}},"5":{"start":{"line":9,"column":8},"end":{"line":12,"column":10}},"6":{"start":{"line":15,"column":28},"end":{"line":26,"column":1}},"7":{"start":{"line":16,"column":4},"end":{"line":25,"column":5}},"8":{"start":{"line":17,"column":19},"end":{"line":17,"column":76}},"9":{"start":{"line":18,"column":8},"end":{"line":18,"column":42}},"10":{"start":{"line":20,"column":8},"end":{"line":20,"column":26}},"11":{"start":{"line":21,"column":8},"end":{"line":24,"column":10}},"12":{"start":{"line":27,"column":21},"end":{"line":38,"column":1}},"13":{"start":{"line":28,"column":4},"end":{"line":37,"column":5}},"14":{"start":{"line":29,"column":19},"end":{"line":29,"column":66}},"15":{"start":{"line":30,"column":8},"end":{"line":30,"column":42}},"16":{"start":{"line":32,"column":8},"end":{"line":32,"column":26}},"17":{"start":{"line":33,"column":8},"end":{"line":36,"column":10}},"18":{"start":{"line":39,"column":21},"end":{"line":50,"column":1}},"19":{"start":{"line":40,"column":4},"end":{"line":49,"column":5}},"20":{"start":{"line":41,"column":19},"end":{"line":41,"column":65}},"21":{"start":{"line":42,"column":8},"end":{"line":42,"column":42}},"22":{"start":{"line":44,"column":8},"end":{"line":44,"column":26}},"23":{"start":{"line":45,"column":8},"end":{"line":48,"column":10}},"24":{"start":{"line":51,"column":21},"end":{"line":62,"column":1}},"25":{"start":{"line":52,"column":4},"end":{"line":61,"column":5}},"26":{"start":{"line":53,"column":19},"end":{"line":53,"column":65}},"27":{"start":{"line":54,"column":8},"end":{"line":54,"column":42}},"28":{"start":{"line":56,"column":8},"end":{"line":56,"column":26}},"29":{"start":{"line":57,"column":8},"end":{"line":60,"column":10}},"30":{"start":{"line":63,"column":0},"end":{"line":69,"column":1}}},"fnMap":{"0":{"name":"(anonymous_0)","decl":{"start":{"line":3,"column":24},"end":{"line":3,"column":25}},"loc":{"start":{"line":3,"column":44},"end":{"line":14,"column":1}},"line":3},"1":{"name":"(anonymous_1)","decl":{"start":{"line":15,"column":28},"end":{"line":15,"column":29}},"loc":{"start":{"line":15,"column":48},"end":{"line":26,"column":1}},"line":15},"2":{"name":"(anonymous_2)","decl":{"start":{"line":27,"column":21},"end":{"line":27,"column":22}},"loc":{"start":{"line":27,"column":41},"end":{"line":38,"column":1}},"line":27},"3":{"name":"(anonymous_3)","decl":{"start":{"line":39,"column":21},"end":{"line":39,"column":22}},"loc":{"start":{"line":39,"column":41},"end":{"line":50,"column":1}},"line":39},"4":{"name":"(anonymous_4)","decl":{"start":{"line":51,"column":21},"end":{"line":51,"column":22}},"loc":{"start":{"line":51,"column":41},"end":{"line":62,"column":1}},"line":51}},"branchMap":{},"s":{"0":0,"1":0,"2":0,"3":0,"4":0,"5":0,"6":0,"7":0,"8":0,"9":0,"10":0,"11":0,"12":0,"13":0,"14":0,"15":0,"16":0,"17":0,"18":0,"19":0,"20":0,"21":0,"22":0,"23":0,"24":0,"25":0,"26":0,"27":0,"28":0,"29":0,"30":0},"f":{"0":0,"1":0,"2":0,"3":0,"4":0},"b":{}}
,"D:\\Projects\\kiemthuphanmem\\ecomAPI\\src\\controllers\\userController.js": {"path":"D:\\Projects\\kiemthuphanmem\\ecomAPI\\src\\controllers\\userController.js","statementMap":{"0":{"start":{"line":3,"column":26},"end":{"line":14,"column":1}},"1":{"start":{"line":4,"column":4},"end":{"line":13,"column":5}},"2":{"start":{"line":5,"column":19},"end":{"line":5,"column":66}},"3":{"start":{"line":6,"column":8},"end":{"line":6,"column":42}},"4":{"start":{"line":8,"column":8},"end":{"line":8,"column":26}},"5":{"start":{"line":9,"column":8},"end":{"line":12,"column":10}},"6":{"start":{"line":15,"column":23},"end":{"line":26,"column":1}},"7":{"start":{"line":16,"column":4},"end":{"line":25,"column":5}},"8":{"start":{"line":17,"column":19},"end":{"line":17,"column":61}},"9":{"start":{"line":18,"column":8},"end":{"line":18,"column":42}},"10":{"start":{"line":20,"column":8},"end":{"line":20,"column":26}},"11":{"start":{"line":21,"column":8},"end":{"line":24,"column":10}},"12":{"start":{"line":27,"column":23},"end":{"line":38,"column":1}},"13":{"start":{"line":28,"column":4},"end":{"line":37,"column":5}},"14":{"start":{"line":29,"column":19},"end":{"line":29,"column":60}},"15":{"start":{"line":30,"column":8},"end":{"line":30,"column":42}},"16":{"start":{"line":32,"column":8},"end":{"line":32,"column":26}},"17":{"start":{"line":33,"column":8},"end":{"line":36,"column":10}},"18":{"start":{"line":39,"column":18},"end":{"line":50,"column":1}},"19":{"start":{"line":40,"column":4},"end":{"line":49,"column":5}},"20":{"start":{"line":41,"column":19},"end":{"line":41,"column":58}},"21":{"start":{"line":42,"column":8},"end":{"line":42,"column":42}},"22":{"start":{"line":44,"column":8},"end":{"line":44,"column":26}},"23":{"start":{"line":45,"column":8},"end":{"line":48,"column":10}},"24":{"start":{"line":51,"column":27},"end":{"line":62,"column":1}},"25":{"start":{"line":52,"column":4},"end":{"line":61,"column":5}},"26":{"start":{"line":53,"column":19},"end":{"line":53,"column":67}},"27":{"start":{"line":54,"column":8},"end":{"line":54,"column":42}},"28":{"start":{"line":56,"column":8},"end":{"line":56,"column":26}},"29":{"start":{"line":57,"column":8},"end":{"line":60,"column":10}},"30":{"start":{"line":63,"column":17},"end":{"line":74,"column":1}},"31":{"start":{"line":64,"column":4},"end":{"line":73,"column":5}},"32":{"start":{"line":65,"column":19},"end":{"line":65,"column":58}},"33":{"start":{"line":66,"column":8},"end":{"line":66,"column":42}},"34":{"start":{"line":68,"column":8},"end":{"line":68,"column":26}},"35":{"start":{"line":69,"column":8},"end":{"line":72,"column":10}},"36":{"start":{"line":75,"column":24},"end":{"line":86,"column":1}},"37":{"start":{"line":76,"column":4},"end":{"line":85,"column":5}},"38":{"start":{"line":77,"column":19},"end":{"line":77,"column":68}},"39":{"start":{"line":78,"column":8},"end":{"line":78,"column":42}},"40":{"start":{"line":80,"column":8},"end":{"line":80,"column":26}},"41":{"start":{"line":81,"column":8},"end":{"line":84,"column":10}},"42":{"start":{"line":87,"column":27},"end":{"line":98,"column":1}},"43":{"start":{"line":88,"column":4},"end":{"line":97,"column":5}},"44":{"start":{"line":89,"column":19},"end":{"line":89,"column":74}},"45":{"start":{"line":90,"column":8},"end":{"line":90,"column":42}},"46":{"start":{"line":92,"column":8},"end":{"line":92,"column":26}},"47":{"start":{"line":93,"column":8},"end":{"line":96,"column":10}},"48":{"start":{"line":99,"column":32},"end":{"line":110,"column":1}},"49":{"start":{"line":100,"column":4},"end":{"line":109,"column":5}},"50":{"start":{"line":101,"column":19},"end":{"line":101,"column":72}},"51":{"start":{"line":102,"column":8},"end":{"line":102,"column":42}},"52":{"start":{"line":104,"column":8},"end":{"line":104,"column":26}},"53":{"start":{"line":105,"column":8},"end":{"line":108,"column":10}},"54":{"start":{"line":111,"column":28},"end":{"line":122,"column":1}},"55":{"start":{"line":112,"column":4},"end":{"line":121,"column":5}},"56":{"start":{"line":113,"column":19},"end":{"line":113,"column":68}},"57":{"start":{"line":114,"column":8},"end":{"line":114,"column":42}},"58":{"start":
[...]
olumn":121}},"type":"binary-expr","locations":[{"start":{"line":540,"column":30},"end":{"line":540,"column":44}},{"start":{"line":540,"column":49},"end":{"line":540,"column":77}},{"start":{"line":540,"column":83},"end":{"line":540,"column":120}}],"line":540},"82":{"loc":{"start":{"line":556,"column":12},"end":{"line":562,"column":13}},"type":"if","locations":[{"start":{"line":556,"column":12},"end":{"line":562,"column":13}},{"start":{},"end":{}}],"line":556},"83":{"loc":{"start":{"line":556,"column":16},"end":{"line":556,"column":56}},"type":"binary-expr","locations":[{"start":{"line":556,"column":16},"end":{"line":556,"column":21}},{"start":{"line":556,"column":25},"end":{"line":556,"column":37}},{"start":{"line":556,"column":41},"end":{"line":556,"column":56}}],"line":556},"84":{"loc":{"start":{"line":564,"column":12},"end":{"line":570,"column":13}},"type":"if","locations":[{"start":{"line":564,"column":12},"end":{"line":570,"column":13}},{"start":{},"end":{}}],"line":564},"85":{"loc":{"start":{"line":572,"column":12},"end":{"line":578,"column":13}},"type":"if","locations":[{"start":{"line":572,"column":12},"end":{"line":578,"column":13}},{"start":{},"end":{}}],"line":572},"86":{"loc":{"start":{"line":585,"column":12},"end":{"line":591,"column":13}},"type":"if","locations":[{"start":{"line":585,"column":12},"end":{"line":591,"column":13}},{"start":{},"end":{}}],"line":585},"87":{"loc":{"start":{"line":599,"column":12},"end":{"line":605,"column":13}},"type":"if","locations":[{"start":{"line":599,"column":12},"end":{"line":605,"column":13}},{"start":{},"end":{}}],"line":599},"88":{"loc":{"start":{"line":624,"column":12},"end":{"line":630,"column":13}},"type":"if","locations":[{"start":{"line":624,"column":12},"end":{"line":630,"column":13}},{"start":{},"end":{}}],"line":624},"89":{"loc":{"start":{"line":658,"column":16},"end":{"line":660,"column":17}},"type":"if","locations":[{"start":{"line":658,"column":16},"end":{"line":660,"column":17}},{"start":{},"end":{}}],"line":658},"90":{"loc":{"start":{"line":661,"column":34},"end":{"line":661,"column":120}},"type":"cond-expr","locations":[{"start":{"line":661,"column":60},"end":{"line":661,"column":112}},{"start":{"line":661,"column":115},"end":{"line":661,"column":120}}],"line":661},"91":{"loc":{"start":{"line":662,"column":16},"end":{"line":670,"column":17}},"type":"if","locations":[{"start":{"line":662,"column":16},"end":{"line":670,"column":17}},{"start":{"line":664,"column":23},"end":{"line":670,"column":17}}],"line":662},"92":{"loc":{"start":{"line":664,"column":23},"end":{"line":670,"column":17}},"type":"if","locations":[{"start":{"line":664,"column":23},"end":{"line":670,"column":17}},{"start":{"line":666,"column":23},"end":{"line":670,"column":17}}],"line":664},"93":{"loc":{"start":{"line":666,"column":23},"end":{"line":670,"column":17}},"type":"if","locations":[{"start":{"line":666,"column":23},"end":{"line":670,"column":17}},{"start":{"line":668,"column":23},"end":{"line":670,"column":17}}],"line":666},"94":{"loc":{"start":{"line":685,"column":12},"end":{"line":691,"column":13}},"type":"if","locations":[{"start":{"line":685,"column":12},"end":{"line":691,"column":13}},{"start":{},"end":{}}],"line":685},"95":{"loc":{"start":{"line":685,"column":16},"end":{"line":685,"column":33}},"type":"binary-expr","locations":[{"start":{"line":685,"column":16},"end":{"line":685,"column":21}},{"start":{"line":685,"column":25},"end":{"line":685,"column":33}}],"line":685},"96":{"loc":{"start":{"line":693,"column":12},"end":{"line":699,"column":13}},"type":"if","locations":[{"start":{"line":693,"column":12},"end":{"line":699,"column":13}},{"start":{},"end":{}}],"line":693}},"s":{"0":0,"1":0,"2":0,"3":0,"4":0,"5":0,"6":0,"7":0,"8":0,"9":0,"10":0,"11":0,"12":0,"13":0,"14":0,"15":0,"16":0,"17":0,"18":0,"19":0,"20":0,"21":0,"22":0,"23":0,"24":0,"25":0,"26":0,"27":0,"28":0,"29":0,"30":0,"31":0,"32":0,"33":0,"34":0,"35":0,"36":0,"37":0,"38":0,"39":0,"40":0,"41":0,"42":0,"43":0,"44":0,"45":0,"46":0,"47":0,"48":0,"49":0,"50":0,"51":0,"52":0,"53":0,"54":0,"55":0,"56":0,"57":0,"58":0,"59":0,"60":0,"61":0,"62":0,"63":0,"64":0,"65":0,"66":0,"67":0,"68":0,"69":0,"70":0,"71":0,"72":0,"73":0,"74":0,"75":0,"76":0,"77":0,"78":0,"79":0,"80":0,"81":0,"82":0,"83":0,"84":0,"85":0,"86":0,"87":0,"88":0,"89":0,"90":0,"91":0,"92":0,"93":0,"94":0,"95":0,"96":0,"97":0,"98":0,"99":0,"100":0,"101":0,"102":0,"103":0,"104":0,"105":0,"106":0,"107":0,"108":0,"109":0,"110":0,"111":0,"112":0,"113":0,"114":0,"115":0,"116":0,"117":0,"118":0,"119":0,"120":0,"121":0,"122":0,"123":0,"124":0,"125":0,"126":0,"127":0,"128":0,"129":0,"130":0,"131":0,"132":0,"133":0,"134":0,"135":0,"136":0,"137":0,"138":0,"139":0,"140":0,"141":0,"142":0,"143":0,"144":0,"145":0,"146":0,"147":0,"148":0,"149":0,"150":0,"151":0,"152":0,"153":0,"154":0,"155":0,"156":0,"157":0,"158":0,"159":0,"160":0,"161":0,"162":0,"163":0,"164":0,"165":0,"166":0,"167":0,"168":0,"169":0,"170":0,"171":0,"172":0,"173":0,"174":0,"175":0,"176":0,"177":0,"178":0,"179":0,"180":0,"181":0,"182":0,"183":0,"184":0,"185":0,"186":0,"187":0,"188":0,"189":0,"190":0,"191":0,"192":0,"193":0,"194":0,"195":0,"196":0,"197":0,"198":0,"199":0,"200":0,"201":0,"202":0,"203":0,"204":0,"205":0,"206":0,"207":0,"208":0,"209":0,"210":0,"211":0,"212":0,"213":0,"214":0,"215":0,"216":0,"217":0,"218":0,"219":0,"220":0,"221":0,"222":0,"223":0,"224":0,"225":0,"226":0,"227":0,"228":0,"229":0,"230":0,"231":0,"232":0,"233":0,"234":0,"235":0,"236":0,"237":0,"238":0,"239":0,"240":0,"241":0,"242":0,"243":0,"244":0,"245":0,"246":0,"247":0,"248":0,"249":0,"250":0,"251":0,"252":0,"253":0,"254":0,"255":0,"256":0,"257":0,"258":0,"259":0,"260":0,"261":0,"262":0,"263":0,"264":0,"265":0,"266":0,"267":0,"268":0,"269":0,"270":0,"271":0,"272":0,"273":0,"274":0,"275":0,"276":0,"277":0,"278":0,"279":0,"280":0,"281":0,"282":0,"283":0,"284":0,"285":0,"286":0,"287":0,"288":0,"289":0,"290":0,"291":0,"292":0,"293":0},"f":{"0":0,"1":0,"2":0,"3":0,"4":0,"5":0,"6":0,"7":0,"8":0,"9":0,"10":0,"11":0,"12":0,"13":0,"14":0,"15":0,"16":0,"17":0,"18":0,"19":0,"20":0,"21":0,"22":0,"23":0,"24":0,"25":0,"26":0},"b":{"0":[0,0],"1":[0,0],"2":[0,0],"3":[0,0],"4":[0,0],"5":[0,0],"6":[0,0],"7":[0,0,0,0,0],"8":[0,0],"9":[0,0],"10":[0,0],"11":[0,0],"12":[0,0],"13":[0,0],"14":[0,0],"15":[0,0],"16":[0,0],"17":[0,0],"18":[0,0],"19":[0,0],"20":[0,0],"21":[0,0],"22":[0,0],"23":[0,0],"24":[0,0],"25":[0,0],"26":[0,0],"27":[0,0],"28":[0,0,0],"29":[0,0],"30":[0,0,0],"31":[0,0],"32":[0,0],"33":[0,0],"34":[0,0],"35":[0,0],"36":[0,0],"37":[0,0],"38":[0,0,0,0,0,0,0],"39":[0,0],"40":[0,0,0],"41":[0,0],"42":[0,0],"43":[0,0],"44":[0,0],"45":[0,0],"46":[0,0],"47":[0,0],"48":[0,0],"49":[0,0],"50":[0,0],"51":[0,0],"52":[0,0],"53":[0,0],"54":[0,0],"55":[0,0],"56":[0,0],"57":[0,0],"58":[0,0],"59":[0,0],"60":[0,0],"61":[0,0],"62":[0,0],"63":[0,0],"64":[0,0],"65":[0,0],"66":[0,0],"67":[0,0],"68":[0,0],"69":[0,0],"70":[0,0,0],"71":[0,0],"72":[0,0],"73":[0,0],"74":[0,0],"75":[0,0],"76":[0,0,0],"77":[0,0],"78":[0,0],"79":[0,0],"80":[0,0],"81":[0,0,0],"82":[0,0],"83":[0,0,0],"84":[0,0],"85":[0,0],"86":[0,0],"87":[0,0],"88":[0,0],"89":[0,0],"90":[0,0],"91":[0,0],"92":[0,0],"93":[0,0],"94":[0,0],"95":[0,0],"96":[0,0]}}
,"D:\\Projects\\kiemthuphanmem\\ecomAPI\\src\\utils\\CommonUtils.js": {"path":"D:\\Projects\\kiemthuphanmem\\ecomAPI\\src\\utils\\CommonUtils.js","statementMap":{"0":{"start":{"line":2,"column":0},"end":{"line":2,"column":27}},"1":{"start":{"line":4,"column":18},"end":{"line":11,"column":1}},"2":{"start":{"line":5,"column":4},"end":{"line":10,"column":29}},"3":{"start":{"line":12,"column":0},"end":{"line":14,"column":1}}},"fnMap":{"0":{"name":"(anonymous_0)","decl":{"start":{"line":4,"column":18},"end":{"line":4,"column":19}},"loc":{"start":{"line":4,"column":29},"end":{"line":11,"column":1}},"line":4}},"branchMap":{},"s":{"0":0,"1":0,"2":0,"3":0},"f":{"0":0},"b":{}}
,"D:\\Projects\\kiemthuphanmem\\ecomAPI\\src\\utils\\constants.js": {"path":"D:\\Projects\\kiemthuphanmem\\ecomAPI\\src\\utils\\constants.js","statementMap":{"0":{"start":{"line":1,"column":30},"end":{"line":3,"column":1}}},"fnMap":{},"branchMap":{},"s":{"0":0},"f":{},"b":{}}
,"D:\\Projects\\kiemthuphanmem\\ecomAPI\\src\\utils\\jsonHelper.js": {"path":"D:\\Projects\\kiemthuphanmem\\ecomAPI\\src\\utils\\jsonHelper.js","statementMap":{"0":{"start":{"line":6,"column":22},"end":{"line":6,"column":42}},"1":{"start":{"line":7,"column":11},"end":{"line":7,"column":37}},"2":{"start":{"line":13,"column":31},"end":{"line":26,"column":1}},"3":{"start":{"line":14,"column":4},"end":{"line":25,"column":5}},"4":{"start":{"line":15,"column":25},"end":{"line":20,"column":10}},"5":{"start":{"line":21,"column":8},"end":{"line":21,"column":24}},"6":{"start":{"line":23,"column":8},"end":{"line":23,"column":61}},"7":{"start":{"line":24,"column":8},"end":{"line":24,"column":20}},"8":{"start":{"line":32,"column":29},"end":{"line":49,"column":1}},"9":{"start":{"line":33,"column":4},"end":{"line":48,"column":5}},"10":{"start":{"line":34,"column":25},"end":{"line":43,"column":10}},"11":{"start":{"line":44,"column":8},"end":{"line":44,"column":24}},"12":{"start":{"line":46,"column":8},"end":{"line":46,"column":59}},"13":{"start":{"line":47,"column":8},"end":{"line":47,"column":20}},"14":{"start":{"line":55,"column":31},"end":{"line":90,"column":1}},"15":{"start":{"line":56,"column":4},"end":{"line":89,"column":5}},"16":{"start":{"line":57,"column":24},"end":{"line":60,"column":10}},"17":{"start":{"line":62,"column":8},"end":{"line":64,"column":9}},"18":{"start":{"line":63,"column":12},"end":{"line":63,"column":49}},"19":{"start":{"line":67,"column":8},"end":{"line":69,"column":9}},"20":{"start":{"line":68,"column":12},"end":{"line":68,"column":34}},"21":{"start":{"line":72,"column":21},"end":{"line":72,"column":40}},"22":{"start":{"line":73,"column":22},"end":{"line":73,"column":38}},"23":{"start":{"line":75,"column":8},"end":{"line":80,"column":9}},"24":{"start":{"line":75,"column":21},"end":{"line":75,"column":22}},"25":{"start":{"line":76,"column":12},"end":{"line":78,"column":13}},"26":{"start":{"line":77,"column":16},"end":{"line":77,"column":38}},"27":{"start":{"line":79,"column":12},"end":{"line":79,"column":39}},"28":{"start":{"line":82,"column":8},"end":{"line":82,"column":47}},"29":{"start":{"line":84,"column":8},"end":{"line":84,"column":29}},"30":{"start":{"line":85,"column":8},"end":{"line":85,"column":23}},"31":{"start":{"line":87,"column":8},"end":{"line":87,"column":59}},"32":{"start":{"line":88,"column":8},"end":{"line":88,"column":20}},"33":{"start":{"line":96,"column":26},"end":{"line":117,"column":1}},"34":{"start":{"line":97,"column":4},"end":{"line":116,"column":5}},"35":{"start":{"line":98,"column":8},"end":{"line":100,"column":9}},"36":{"start":{"line":99,"column":12},"end":{"line":99,"column":24}},"37":{"start":{"line":102,"column":21},"end":{"line":102,"column":40}},"38":{"start":{"line":103,"column":22},"end":{"line":103,"column":38}},"39":{"start":{"line":105,"column":8},"end":{"line":110,"column":9}},"40":{"start":{"line":106,"column":12},"end":{"line":108,"column":13}},"41":{"start":{"line":107,"column":16},"end":{"line":107,"column":28}},"42":{"start":{"line":109,"column":12},"end":{"line":109,"column":35}},"43":{"start":{"line":112,"column":8},"end":{"line":112,"column":23}},"44":{"start":{"line":114,"column":8},"end":{"line":114,"column":64}},"45":{"start":{"line":115,"column":8},"end":{"line":115,"column":20}},"46":{"start":{"line":123,"column":31},"end":{"line":177,"column":1}},"47":{"start":{"line":124,"column":4},"end":{"line":176,"column":5}},"48":{"start":{"line":125,"column":28},"end":{"line":125,"column":30}},"49":{"start":{"line":127,"column":8},"end":{"line":166,"column":9}},"50":{"start":{"line":128,"column":12},"end":{"line":165,"column":13}},"51":{"start":{"line":130,"column":33},"end":{"line":130,"column":49}},"52":{"start":{"line":132,"column":16},"end":{"line":161,"column":17}},"53":{"start":{"line":134,"column":20},"end":{"line":154,"column":21}},"54":{"start":{"line":135,"column":24},"end":{"line":138,"column":26}},"55":{"start":{"line":139,"column":27},"end":{"line":154,"column":21}},"56":{"start":{"line":140,"column":24},"end":{"line":143,"column":26}},"57":{"start":{"line":144,"column":27},"end":{"line":154,"column":21}},"58":{"start":{"line":145,"column":24},"end":{"line":148,"column":26}},"59":{"start":{"line":149,"column":27},"end":{"line":154,"column":21}},"60":{"start":{"line":150,"column":24},"end":{"line":153,"column":26}},"61":{"start":{"line":157,"column":20},"end":{"line":160,"column":22}},"62":{"start":{"line":164,"column":16},"end":{"line":164,"column":41}},"63":{"start":{"line":168,"column":25},"end":{"line":170,"column":10}},"64":{"start":{"line":172,"column":8},"end":{"line":172,"column":24}},"65":{"start":{"line":174,"column":8},"end":{"line":174,"column":57}},"66":{"start":{"line":175,"column":8},"end":{"line":175,"column":20}},"67":{"start":{"line":183,"column":24},"end":{"line":221,"column":1}},"68":{"start":{"line":184,"column":4},"end":{"line":220,"column":5}},"69":{"start":{"line":185,"column":24},"end":{"line":188,"column":10}},"70":{"start":{"line":190,"column":8},"end":{"line":192,"column":9}},"71":{"start":{"line":191,"column":12},"end":{"line":191,"column":49}},"72":{"start":{"line":194,"column":8},"end":{"line":196,"column":9}},"73":{"start":{"line":195,"column":12},"end":{"line":195,"column":34}},"74":{"start":{"line":198,"column":21},"end":{"line":198,"column":41}},"75":{"start":{"line":199,"column":22},"end":{"line":199,"column":38}},"76":{"start":{"line":201,"column":8},"end":{"line":206,"column":9}},"77":{"start":{"line":201,"column":21},"end":{"line":201,"column":22}},"78":{"start":{"line":202,"column":12},"end":{"line":204,"column":13}},"79":{"start":{"line":203,"column":16},"end":{"line":203,"column":38}},"80":{"start":{"line":205,"column":12},"end":{"line":205,"column":39}},"81":{"start":{"line":208,"column":24},"end":{"line":208,"column":45}},"82":{"start":{"line":209,"column":8},"end":{"line":211,"column":9}},"83":{"start":{"line":210,"column":12},"end":{"line":210,"column":34}},"84":{"start":{"line":213,"column":8},"end":{"line":213,"column":37}},"85":{"start":{"line":215,"column":8},"end":{"line":215,"column":29}},"86":{"start":{"line":216,"column":8},"end":{"line":216,"column":23}},"87":{"start":{"line":218,"column":8},"end":{"line":218,"column":61}},"88":{"start":{"line":219,"column":8},"end":{"line":219,"column":20}},"89":{"start":{"line":223,"column":0},"end":{"line":230,"column":2}}},"fnMap":{"0":{"name":"(anonymous_0)","decl":{"start":{"line":13,"column":31},"end":{"line":13,"column":32}},"loc":{"start":{"line":13,"column":58},"end":{"line":26,"column":1}},"line":13},"1":{"name":"(anonymous_1)","decl":{"start":{"line":32,"column":29},"end":{"line":32,"column":30}},"loc":{"start":{"line":32,"column":49},"end":{"line":49,"column":1}},"line":32},"2":{"name":"(anonymous_2)","decl":{"start":{"line":55,"column":31},"end":{"line":55,"column":32}},"loc":{"start":{"line":55,"column":69},"end":{"line":90,"column":1}},"line":55},"3":{"name":"(anonymous_3)","decl":{"start":{"line":96,"column":26},"end":{"line":96,"column":27}},"loc":{"start":{"line":96,"column":49},"end":{"line":117,"column":1}},"line":96},"4":{"name":"(anonymous_4)","decl":{"start":{"line":123,"column":31},"end":{"line":123,"column":32}},"loc":{"start":{"line":123,"column":48},"end":{"line":177,"column":1}},"line":123},"5":{"name":"(anonymous_5)","decl":{"start":{"line":183,"column":24},"end":{"line":183,"column":25}},"loc":{"start":{"line":183,"column":63},"end":{"line":221,"column":1}},"line":183}},"branchMap":{"0":{"loc":{"start":{"line":62,"column":8},"end":{"line":64,"column":9}},"type":"if","locations":[{"start":{"line":62,"column":8},"end":{"line":64,"column":9}},{"start":{},"end":{}}],"line":62},"1":{"loc":{"start":{"line":67,"column":8},"end":{"line":69,"column":9}},"type":"if","locations":[{"start":{"line":67,"column":8},"end":{"line":69,"column":9}},{"start":{},"end":{}}],"line":67},"2":{"loc":{"start":{"line":76,"column":12},"end":{"line":78,"column":13}},"type":"if","locations":[{"start":{"line":76,"column":12},"end":{"line":78,"column":13}},{"start":{},"end":{}}],"line":76},"3":{"loc":{"start":{"line":98,"column":8},"end":{"line":100,"column":9}},"type":"if","locations":[{"start":{"line":98,"column":8},"end":{"line":100,"column":9}},{"start":{},"end":{}}],"line":98},"4":{"loc":{"start":{"line":106,"column":12},"end":{"line":108,"column":13}},"type":"if","locations":[{"start":{"line":106,"column":12},"end":{"line":108,"column":13}},{"start":{},"end":{}}],"line":106},"5":{"loc":{"start":{"line":128,"column":12},"end":{"line":165,"column":13}},"type":"if","locations":[{"start":{"line":128,"column":12},"end":{"line":165,"column":13}},{"start":{"line":162,"column":19},"end":{"line":165,"column":13}}],"line":128},"6":{"loc":{"start":{"line":132,"column":16},"end":{"line":161,"column":17}},"type":"if","locations":[{"start":{"line":132,"column":16},"end":{"line":161,"column":17}},{"start":{"line":155,"column":23},"end":{"line":161,"column":17}}],"line":132},"7":{"loc":{"start":{"line":132,"column":20},"end":{"line":132,"column":63}},"type":"binary-expr","locations":[{"start":{"line":132,"column":20},"end":{"line":132,"column":45}},{"start":{"line":132,"column":49},"end":{"line":132,"column":63}}],"line":132},"8":{"loc":{"start":{"line":134,"column":20},"end":{"line":154,"column":21}},"type":"if","locations":[{"start":{"line":134,"column":20},"end":{"line":154,"column":21}},{"start":{"line":139,"column":27},"end":{"line":154,"column":21}}],"line":134},"9":{"loc":{"start":{"line":139,"column":27},"end":{"line":154,"column":21}},"type":"if","locations":[{"start":{"line":139,"column":27},"end":{"line":154,"column":21}},{"start":{"line":144,"column":27},"end":{"line":154,"column":21}}],"line":139},"10":{"loc":{"start":{"line":144,"column":27},"end":{"line":154,"column":21}},"type":"if","locations":[{"start":{"line":144,"column":27},"end":{"line":154,"column":21}},{"start":{"line":149,"column":27},"end":{"line":154,"column":21}}],"line":144},"11":{"loc":{"start":{"line":149,"column":27},"end":{"line":154,"column":21}},"type":"if","locations":[{"start":{"line":149,"column":27},"end":{"line":154,"column":21}},{"start":{},"end":{}}],"line":149},"12":{"loc":{"start":{"line":190,"column":8},"end":{"line":192,"column":9}},"type":"if","locations":[{"start":{"line":190,"column":8},"end":{"line":192,"column":9}},{"start":{},"end":{}}],"line":190},"13":{"loc":{"start":{"line":194,"column":8},"end":{"line":196,"column":9}},"type":"if","locations":[{"start":{"line":194,"column":8},"end":{"line":196,"column":9}},{"start":{},"end":{}}],"line":194},"14":{"loc":{"start":{"line":202,"column":12},"end":{"line":204,"column":13}},"type":"if","locations":[{"start":{"line":202,"column":12},"end":{"line":204,"column":13}},{"start":{},"end":{}}],"line":202},"15":{"loc":{"start":{"line":209,"column":8},"end":{"line":211,"column":9}},"type":"if","locations":[{"start":{"line":209,"column":8},"end":{"line":211,"column":9}},{"start":{},"end":{}}],"line":209}},"s":{"0":0,"1":0,"2":0,"3":0,"4":0,"5":0,"6":0,"7":0,"8":0,"9":0,"10":0,"11":0,"12":0,"13":0,"14":0,"15":0,"16":0,"17":0,"18":0,"19":0,"20":0,"21":0,"22":0,"23":0,"24":0,"25":0,"26":0,"27":0,"28":0,"29":0,"30":0,"31":0,"32":0,"33":0,"34":0,"35":0,"36":0,"37":0,"38":0,"39":0,"40":0,"41":0,"42":0,"43":0,"44":0,"45":0,"46":0,"47":0,"48":0,"49":0,"50":0,"51":0,"52":0,"53":0,"54":0,"55":0,"56":0,"57":0,"58":0,"59":0,"60":0,"61":0,"62":0,"63":0,"64":0,"65":0,"66":0,"67":0,"68":0,"69":0,"70":0,"71":0,"72":0,"73":0,"74":0,"75":0,"76":0,"77":0,"78":0,"79":0,"80":0,"81":0,"82":0,"83":0,"84":0,"85":0,"86":0,"87":0,"88":0,"89":0},"f":{"0":0,"1":0,"2":0,"3":0,"4":0,"5":0},"b":{"0":[0,0],"1":[0,0],"2":[0,0],"3":[0,0],"4":[0,0],"5":[0,0],"6":[0,0],"7":[0,0],"8":[0,0],"9":[0,0],"10":[0,0],"11":[0,0],"12":[0,0],"13":[0,0],"14":[0,0],"15":[0,0]}}
}
