TN:
SF:src\utils\authUtils.js
FN:8,(anonymous_0)
FN:13,(anonymous_1)
FN:17,(anonymous_2)
FN:22,(anonymous_3)
FNF:4
FNH:4
FNDA:3,(anonymous_0)
FNDA:2,(anonymous_1)
FNDA:7,(anonymous_2)
FNDA:8,(anonymous_3)
DA:5,1
DA:7,1
DA:9,3
DA:10,3
DA:14,2
DA:18,7
DA:19,7
DA:23,8
DA:27,1
LF:9
LH:9
BRDA:23,0,0,3
BRDA:23,0,1,5
BRDA:23,1,0,8
BRDA:23,1,1,5
BRF:4
BRH:4
end_of_record
TN:
SF:src\utils\orderUtils.js
FN:6,(anonymous_0)
FN:13,(anonymous_1)
FN:14,(anonymous_2)
FN:17,(anonymous_3)
FN:24,(anonymous_4)
FNF:5
FNH:5
FNDA:3,(anonymous_0)
FNDA:3,(anonymous_1)
FNDA:3,(anonymous_2)
FNDA:4,(anonymous_3)
FNDA:7,(anonymous_4)
DA:5,1
DA:7,3
DA:8,2
DA:10,1
DA:14,3
DA:18,4
DA:19,1
DA:21,3
DA:25,7
DA:32,7
DA:36,1
LF:11
LH:11
BRDA:7,0,0,2
BRDA:7,0,1,1
BRDA:7,1,0,3
BRDA:7,1,1,2
BRDA:7,1,2,2
BRDA:18,2,0,1
BRDA:18,2,1,3
BRDA:18,3,0,4
BRDA:18,3,1,4
BRF:9
BRH:9
end_of_record
TN:
SF:src\utils\productUtils.js
FN:6,(anonymous_0)
FN:13,(anonymous_1)
FN:14,(anonymous_2)
FN:17,(anonymous_3)
FN:18,(anonymous_4)
FN:21,(anonymous_5)
FN:33,(anonymous_6)
FN:36,(anonymous_7)
FNF:8
FNH:8
FNDA:4,(anonymous_0)
FNDA:1,(anonymous_1)
FNDA:4,(anonymous_2)
FNDA:1,(anonymous_3)
FNDA:4,(anonymous_4)
FNDA:3,(anonymous_5)
FNDA:3,(anonymous_6)
FNDA:9,(anonymous_7)
DA:5,1
DA:7,4
DA:8,1
DA:10,3
DA:14,4
DA:18,4
DA:22,3
DA:23,3
DA:24,3
DA:34,3
DA:35,3
DA:37,9
DA:43,1
LF:13
LH:13
BRDA:7,0,0,1
BRDA:7,0,1,3
BRDA:7,1,0,4
BRDA:7,1,1,4
BRDA:14,2,0,4
BRDA:14,2,1,4
BRDA:37,3,0,9
BRDA:37,3,1,7
BRF:8
BRH:8
end_of_record
